


ARM Macro Assembler    Page 1 


    1 00000000         ;/******************************************************
                       ********************//**
    2 00000000         ; * @file     startup_LPC17xx.s
    3 00000000         ; * @brief    CMSIS Cortex-M3 Core Device Startup File f
                       or
    4 00000000         ; *           NXP LPC17xx Device Series
    5 00000000         ; * @version  V1.10
    6 00000000         ; * @date     06. April 2011
    7 00000000         ; *
    8 00000000         ; * @note
    9 00000000         ; * Copyright (C) 2009-2011 ARM Limited. All rights rese
                       rved.
   10 00000000         ; *
   11 00000000         ; * @par
   12 00000000         ; * ARM Limited (ARM) is supplying this software for use
                        with Cortex-M
   13 00000000         ; * processor based microcontrollers.  This file can be 
                       freely distributed
   14 00000000         ; * within development tools that are supporting such AR
                       M based processors.
   15 00000000         ; *
   16 00000000         ; * @par
   17 00000000         ; * THIS SOFTWARE IS PROVIDED "AS IS".  NO WARRANTIES, W
                       HETHER EXPRESS, IMPLIED
   18 00000000         ; * OR STATUTORY, INCLUDING, BUT NOT LIMITED TO, IMPLIED
                        WARRANTIES OF
   19 00000000         ; * MERCHANTABILITY AND FITNESS FOR A PARTICULAR PURPOSE
                        APPLY TO THIS SOFTWARE.
   20 00000000         ; * ARM SHALL NOT, IN ANY CIRCUMSTANCES, BE LIABLE FOR S
                       PECIAL, INCIDENTAL, OR
   21 00000000         ; * CONSEQUENTIAL DAMAGES, FOR ANY REASON WHATSOEVER.
   22 00000000         ; *
   23 00000000         ; ******************************************************
                       ************************/
   24 00000000         
   25 00000000         ; *------- <<< Use Configuration Wizard in Context Menu 
                       >>> ------------------
   26 00000000         
   27 00000000         ; <h> Stack Configuration
   28 00000000         ;   <o> Stack Size (in Bytes) <0x0-0xFFFFFFFF:8>
   29 00000000         ; </h>
   30 00000000         
   31 00000000 00000200 
                       Stack_Size
                               EQU              0x00000200
   32 00000000         
   33 00000000                 AREA             STACK, NOINIT, READWRITE, ALIGN
=3
   34 00000000         Stack_Mem
                               SPACE            Stack_Size
   35 00000200         __initial_sp
   36 00000200         
   37 00000200         
   38 00000200         ; <h> Heap Configuration
   39 00000200         ;   <o>  Heap Size (in Bytes) <0x0-0xFFFFFFFF:8>
   40 00000200         ; </h>
   41 00000200         
   42 00000200 00000200 
                       Heap_Size



ARM Macro Assembler    Page 2 


                               EQU              0x00000200
   43 00000200         
   44 00000200                 AREA             HEAP, NOINIT, READWRITE, ALIGN=
3 
                                                            ; 2*3
   45 00000000         __heap_base
   46 00000000         Heap_Mem
                               SPACE            Heap_Size
   47 00000200         __heap_limit
   48 00000200         
   49 00000200         
   50 00000200                 PRESERVE8
   51 00000200                 THUMB
   52 00000200         
   53 00000200         
   54 00000200         ; Vector Table Mapped to Address 0 at Reset
   55 00000200         
   56 00000200                 AREA             RESET, DATA, READONLY
   57 00000000                 EXPORT           __Vectors
   58 00000000         
   59 00000000 00000000 
                       __Vectors
                               DCD              __initial_sp ; Top of Stack
   60 00000004 00000000        DCD              Reset_Handler ; Reset Handler
   61 00000008 00000000        DCD              NMI_Handler ; NMI Handler
   62 0000000C 00000000        DCD              HardFault_Handler ; Hard Fault 
                                                            Handler
   63 00000010 00000000        DCD              MemManage_Handler 
                                                            ; MPU Fault Handler
                                                            
   64 00000014 00000000        DCD              BusFault_Handler 
                                                            ; Bus Fault Handler
                                                            
   65 00000018 00000000        DCD              UsageFault_Handler ; Usage Faul
                                                            t Handler
   66 0000001C 00000000        DCD              0           ; Reserved
   67 00000020 00000000        DCD              0           ; Reserved
   68 00000024 00000000        DCD              0           ; Reserved
   69 00000028 00000000        DCD              0           ; Reserved
   70 0000002C 00000000        DCD              SVC_Handler ; SVCall Handler
   71 00000030 00000000        DCD              DebugMon_Handler ; Debug Monito
                                                            r Handler
   72 00000034 00000000        DCD              0           ; Reserved
   73 00000038 00000000        DCD              PendSV_Handler ; PendSV Handler
                                                            
   74 0000003C 00000000        DCD              SysTick_Handler 
                                                            ; SysTick Handler
   75 00000040         
   76 00000040         ; External Interrupts
   77 00000040 00000000        DCD              WDT_IRQHandler ; 16: Watchdog T
                                                            imer
   78 00000044 00000000        DCD              TIMER0_IRQHandler ; 17: Timer0
   79 00000048 00000000        DCD              TIMER1_IRQHandler ; 18: Timer1
   80 0000004C 00000000        DCD              TIMER2_IRQHandler ; 19: Timer2
   81 00000050 00000000        DCD              TIMER3_IRQHandler ; 20: Timer3
   82 00000054 00000000        DCD              UART0_IRQHandler ; 21: UART0
   83 00000058 00000000        DCD              UART1_IRQHandler ; 22: UART1
   84 0000005C 00000000        DCD              UART2_IRQHandler ; 23: UART2
   85 00000060 00000000        DCD              UART3_IRQHandler ; 24: UART3



ARM Macro Assembler    Page 3 


   86 00000064 00000000        DCD              PWM1_IRQHandler ; 25: PWM1
   87 00000068 00000000        DCD              I2C0_IRQHandler ; 26: I2C0
   88 0000006C 00000000        DCD              I2C1_IRQHandler ; 27: I2C1
   89 00000070 00000000        DCD              I2C2_IRQHandler ; 28: I2C2
   90 00000074 00000000        DCD              SPI_IRQHandler ; 29: SPI
   91 00000078 00000000        DCD              SSP0_IRQHandler ; 30: SSP0
   92 0000007C 00000000        DCD              SSP1_IRQHandler ; 31: SSP1
   93 00000080 00000000        DCD              PLL0_IRQHandler ; 32: PLL0 Lock
                                                             (Main PLL)
   94 00000084 00000000        DCD              RTC_IRQHandler ; 33: Real Time 
                                                            Clock
   95 00000088 00000000        DCD              EINT0_IRQHandler ; 34: External
                                                             Interrupt 0
   96 0000008C 00000000        DCD              EINT1_IRQHandler ; 35: External
                                                             Interrupt 1
   97 00000090 00000000        DCD              EINT2_IRQHandler ; 36: External
                                                             Interrupt 2
   98 00000094 00000000        DCD              EINT3_IRQHandler ; 37: External
                                                             Interrupt 3
   99 00000098 00000000        DCD              ADC_IRQHandler 
                                                            ; 38: A/D Converter
                                                            
  100 0000009C 00000000        DCD              BOD_IRQHandler ; 39: Brown-Out 
                                                            Detect
  101 000000A0 00000000        DCD              USB_IRQHandler ; 40: USB
  102 000000A4 00000000        DCD              CAN_IRQHandler ; 41: CAN
  103 000000A8 00000000        DCD              DMA_IRQHandler ; 42: General Pu
                                                            rpose DMA
  104 000000AC 00000000        DCD              I2S_IRQHandler ; 43: I2S
  105 000000B0 00000000        DCD              ENET_IRQHandler ; 44: Ethernet
  106 000000B4 00000000        DCD              RIT_IRQHandler ; 45: Repetitive
                                                             Interrupt Timer
  107 000000B8 00000000        DCD              MCPWM_IRQHandler ; 46: Motor Co
                                                            ntrol PWM
  108 000000BC 00000000        DCD              QEI_IRQHandler ; 47: Quadrature
                                                             Encoder Interface
  109 000000C0 00000000        DCD              PLL1_IRQHandler ; 48: PLL1 Lock
                                                             (USB PLL)
  110 000000C4 00000000        DCD              USBActivity_IRQHandler ; 49: US
                                                            B Activity interrup
                                                            t to wakeup
  111 000000C8 00000000        DCD              CANActivity_IRQHandler ; 50: CA
                                                            N Activity interrup
                                                            t to wakeup
  112 000000CC         
  113 000000CC         
  114 000000CC                 IF               :LNOT::DEF:NO_CRP
  115 000000CC                 AREA             |.ARM.__at_0x02FC|, CODE, READO
NLY
  116 00000000 FFFFFFFF 
                       CRP_Key DCD              0xFFFFFFFF
  117 00000004                 ENDIF
  118 00000004         
  119 00000004         
  120 00000004                 AREA             My_DATA, DATA, READWRITE
  121 00000000                 ALIGN            2
  122 00000000 00 00 00 
              00 00 00 
              00 00 00 



ARM Macro Assembler    Page 4 


              00 00 00 
              00 00 00 
              00 00 00 
              00 00 00 
              00 00 00 
              00 00 00 
              00       Calories_food_ordered
                               SPACE            28
  123 0000001C 00 00 00 
              00 00 00 
              00 00 00 
              00 00 00 Calories_sport_ordered
                               SPACE            12
  124 00000028 00 00 00 
              00 00 00 
              00 00 00 
              00 00 00 
              00 00 00 
              00 00 00 
              00 00 00 
              00 00 00 
              00 00 00 
              00 00 00 
              00 00 00 
              00 00 00 
              00 00 00 
              00 00 00 
              00 00 00 
              00 00 00 
              00 00 00 
              00 00 00 
              00 00    My_space
                               SPACE            56
  125 00000060 00 00 00 
              00               SPACE            4
  126 00000064 00 00 00 
              00 00 00 
              00 00 00 
              00 00 00 
              00 00 00 
              00 00 00 
              00 00 00 
              00 00 00 My_space_sport
                               SPACE            24
  127 0000007C         
  128 0000007C                 AREA             |.text|, CODE, READONLY
  129 00000000                 ALIGN            2
  130 00000000 00000001 
              00000002 
              00000003 
              00000004 
              00000005 
              00000006 
              00000007 Days    DCD              0x01, 0x02, 0x03, 0x04, 0x05, 0
x06, 0x07
  131 0000001C         
  132 0000001C 00000006 
              00000514 
              00000003 



ARM Macro Assembler    Page 5 


              000006A4 
              00000002 
              000004B0 
              00000004 
              0000076C 
              00000005 
              00000456 
              00000001 
              00000686 
              00000007 
              000003E8 Calories_food
                               DCD              0x06, 1300, 0x03, 1700, 0x02, 1
200, 0x04, 1900, 0x05, 1110, 0x01, 1670, 0x07, 1000
  133 00000054         
  134 00000054 00000002 
              000001F4 
              00000005 
              00000320 
              00000006 
              00000190 Calories_sport
                               DCD              0x02, 500, 0x05, 800, 0x06, 400
  135 0000006C         
  136 0000006C 07      Num_days
                               DCB              7
  137 0000006D 03      Num_days_sport
                               DCB              3
  138 0000006E 00 00 00 
              00 00 00 
              00 00 00 
              00 00 00 
              00 00 00 
              00 00 00 
              00 00 00 
              00 00 00 
              00 00 00 
              00 00 00 
              00 00 00 
              00 00 00 
              00 00 00 
              00 00 00 
              00 00 00 
              00 00 00 
              00 00 00 
              00 00 00 
              00 00 00 
              00 00 00 
              00 00 00 
              00 00 00 
              00 00 00 
              00 00 00 
              00 00 00 
              00 00 00 
              00 00 00 
              00 00 00 
              00 00 00 
              00 00 00 
              00 00 00 
              00 00 00 
              00 00 00 



ARM Macro Assembler    Page 6 


              00 00 00 
              00 00 00 
              00 00 00 
              00 00 00 
              00 00 00 
              00 00 00 
              00 00 00 
              00 00 00 
              00 00 00 
              00 00 00 
              00 00 00 
              00 00 00 
              00 00 00 
              00 00 00 
              00 00 00 
              00 00 00 
              00 00 00 
              00 00 00 
              00 00 00 
              00 00 00 
              00 00 00 
              00 00 00 
              00 00 00 
              00 00 00 
              00 00 00 
              00 00 00 
              00 00 00 
              00 00 00 
              00 00 00 
              00 00 00 
              00 00 00 
              00 00 00 
              00 00 00 
              00 00 00 
              00 00 00 
              00 00 00 
              00 00 00 
              00 00 00 
              00 00 00 
              00 00 00 
              00 00 00 
              00 00 00 
              00 00 00 
              00 00 00 
              00 00 00 
              00 00 00 
              00 00 00 
              00 00 00 
              00 00 00 
              00 00 00 
              00 00 00 
              00 00 00 
              00 00 00 
              00 00 00 
              00 00 00 
              00 00 00 
              00 00 00 
              00 00 00 
              00 00 00 



ARM Macro Assembler    Page 7 


              00 00 00 
              00 00 00 
              00 00 00 
              00 00 00 
              00 00 00 
              00 00 00 
              00 00 00 
              00 00 00 
              00 00 00 
              00 00 00 
              00 00 00 
              00 00 00 
              00 00 00 
              00 00 00 
              00 00 00 
              00 00 00 
              00 00 00 
              00 00 00 
              00 00 00 
              00 00 00 
              00 00 00 
              00 00 00 
              00 00 00 
              00 00 00 
              00 00 00 
              00 00 00 
              00 00 00 
              00 00 00 
              00 00 00 
              00 00 00 
              00 00 00 
              00 00 00 
              00 00 00 
              00 00 00 
              00 00 00 
              00 00 00 
              00 00 00 
              00 00 00 
              00 00 00 
              00 00 00 
              00 00 00 
              00 00 00 
              00 00 00 
              00 00 00 
              00 00 00 
              00 00 00 
              00 00 00 
              00 00 00 
              00 00 00 
              00 00 00 
              00 00 00 
              00 00 00 
              00 00 00 
              00 00 00 
              00 00 00 
              00 00 00 
              00 00 00 
              00 00 00 
              00 00 00 



ARM Macro Assembler    Page 8 


              00 00 00 
              00 00 00 
              00 00 00 
              00 00 00 
              00 00 00 
              00 00 00 
              00 00 00 
              00 00 00 
              00 00 00 
              00 00 00 
              00 00 00 
              00 00 00 
              00 00 00 
              00 00 00 
              00 00 00 
              00 00 00 
              00 00 00 
              00 00 00 
              00 00 00 
              00 00 00 
              00 00 00 
              00 00 00 
              00 00 00 
              00 00 00 
              00 00 00 
              00 00 00 
              00 00 00 
              00 00 00 
              00 00 00 
              00 00 00 
              00 00 00 
              00 00 00 
              00 00 00 
              00 00 00 
              00 00 00 
              00 00 00 
              00 00 00 
              00 00 00 
              00 00 00 
              00 00 00 
              00 00 00 
              00 00 00 
              00 00 00 
              00 00 00 
              00 00 00 
              00 00 00 
              00 00 00 
              00 00 00 
              00 00 00 
              00 00 00 
              00 00 00 
              00 00 00 
              00 00 00 
              00 00 00 
              00 00 00 
              00 00 00 
              00 00 00 
              00 00 00 
              00 00 00 



ARM Macro Assembler    Page 9 


              00 00 00 
              00 00 00 
              00 00 00 
              00 00 00 
              00 00 00 
              00 00 00 
              00 00 00 
              00 00 00 
              00 00 00 
              00 00 00 
              00 00 00 
              00 00 00 
              00 00 00 
              00 00 00 
              00 00 00 
              00 00 00 
              00 00 00 
              00 00 00 
              00 00 00 
              00 00 00 
              00 00 00 
              00 00 00 
              00 00 00 
              00 00 00 
              00 00 00 
              00 00 00 
              00 00 00 
              00 00 00 
              00 00 00 
              00 00 00 
              00 00 00 
              00 00 00 
              00 00 00 
              00 00 00 
              00 00 00 
              00 00 00 
              00 00 00 
              00 00 00 
              00 00 00 
              00 00 00 
              00 00 00 
              00 00 00 
              00 00 00 
              00 00 00 
              00 00 00 
              00 00 00 
              00 00 00 
              00 00 00 
              00 00 00 
              00 00 00 
              00 00 00 
              00 00 00 
              00 00 00 
              00 00 00 
              00 00 00 
              00 00 00 
              00 00 00 
              00 00 00 
              00 00 00 



ARM Macro Assembler    Page 10 


              00 00 00 
              00 00 00 
              00 00 00 
              00 00 00 
              00 00 00 
              00 00 00 
              00 00 00 
              00 00 00 
              00 00 00 
              00 00 00 
              00 00 00 
              00 00 00 
              00 00 00 
              00 00 00 
              00 00 00 
              00 00 00 
              00 00 00 
              00 00 00 
              00 00 00 
              00 00 00 
              00 00 00 
              00 00 00 
              00 00 00 
              00 00 00 
              00 00 00 
              00 00 00 
              00 00 00 
              00 00 00 
              00 00 00 
              00 00 00 
              00 00 00 
              00 00 00 
              00 00 00 
              00 00 00 
              00 00 00 
              00 00 00 
              00 00 00 
              00 00 00 
              00 00 00 
              00 00 00 
              00 00 00 
              00 00 00 
              00 00 00 
              00 00 00 
              00 00 00 
              00 00 00 
              00 00 00 
              00 00 00 
              00 00 00 
              00 00 00 
              00 00 00 
              00 00 00 
              00 00 00 
              00 00 00 
              00 00 00 
              00 00 00 
              00 00 00 
              00 00 00 
              00 00 00 



ARM Macro Assembler    Page 11 


              00 00 00 
              00 00 00 
              00 00 00 
              00 00 00 
              00 00 00 
              00 00 00 
              00 00 00 
              00 00 00 
              00 00 00 
              00 00 00 
              00 00 00 
              00 00 00 
              00 00 00 
              00 00 00 
              00 00 00 
              00 00 00 
              00 00 00 
              00 00 00 
              00 00 00 
              00 00 00 
              00 00 00 
              00 00 00 
              00 00 00 
              00 00 00 
              00 00 00 
              00 00 00 
              00 00 00 
              00 00 00 
              00 00 00 
              00 00 00 
              00 00 00 
              00 00 00 
              00 00 00 
              00 00 00 
              00 00 00 
              00 00 00 
              00 00 00 
              00 00 00 
              00 00 00 
              00 00 00 
              00 00 00 
              00 00 00 
              00 00 00 
              00 00 00 
              00 00 00 
              00 00 00 
              00 00 00 
              00 00 00 
              00 00 00 
              00 00 00 
              00 00 00 
              00 00 00 
              00 00 00 
              00 00 00 
              00 00 00 
              00 00 00 
              00 00 00 
              00 00 00 
              00 00 00 



ARM Macro Assembler    Page 12 


              00 00 00 
              00 00 00 
              00 00 00 
              00 00 00 
              00 00 00 
              00 00 00 
              00 00 00 
              00 00 00 
              00 00 00 
              00 00 00 
              00 00 00 
              00 00 00 
              00 00 00 
              00 00 00 
              00 00 00 
              00 00 00 
              00 00 00 
              00 00 00 
              00 00 00 
              00 00 00 
              00 00 00 
              00 00 00 
              00 00 00 
              00 00 00 
              00 00 00 
              00 00 00 
              00 00 00 
              00 00 00 
              00 00 00 
              00 00 00 
              00 00 00 
              00 00 00 
              00 00 00 
              00 00 00 
              00 00 00 
              00 00 00 
              00 00 00 
              00 00 00 
              00 00 00 
              00 00 00 
              00 00 00 
              00 00 00 
              00 00 00 
              00 00 00 
              00 00 00 
              00 00 00 
              00 00 00 
              00 00 00 
              00 00 00 
              00 00 00 
              00 00 00 
              00 00 00 
              00 00 00 
              00 00 00 
              00 00 00 
              00 00 00 
              00 00 00 
              00 00 00 
              00 00 00 



ARM Macro Assembler    Page 13 


              00 00 00 
              00 00 00 
              00 00 00 
              00 00 00 
              00 00 00 
              00 00 00 
              00 00 00 
              00 00 00 
              00 00 00 
              00 00 00 
              00 00 00 
              00 00 00 
              00 00 00 
              00 00 00 
              00 00 00 
              00 00 00 
              00 00 00 
              00 00 00 
              00 00 00 
              00 00 00 
              00 00 00 
              00 00 00 
              00 00 00 
              00 00 00 
              00 00 00 
              00 00 00 
              00 00 00 
              00 00 00 
              00 00 00 
              00 00 00 
              00 00 00 
              00 00 00 
              00 00 00 
              00 00 00 
              00 00 00 
              00 00 00 
              00 00 00 
              00 00 00 
              00 00 00 
              00 00 00 
              00 00 00 
              00 00 00 
              00 00 00 
              00 00 00 
              00 00 00 
              00 00 00 
              00 00 00 
              00 00 00 
              00 00 00 
              00 00 00 
              00 00 00 
              00 00 00 
              00 00 00 
              00 00 00 
              00 00 00 
              00 00 00 
              00 00 00 
              00 00 00 
              00 00 00 



ARM Macro Assembler    Page 14 


              00 00 00 
              00 00 00 
              00 00 00 
              00 00 00 
              00 00 00 
              00 00 00 
              00 00 00 
              00 00 00 
              00 00 00 
              00 00 00 
              00 00 00 
              00 00 00 
              00 00 00 
              00 00 00 
              00 00 00 
              00 00 00 
              00 00 00 
              00 00 00 
              00 00 00 
              00 00 00 
              00 00 00 
              00 00 00 
              00 00 00 
              00 00 00 
              00 00 00 
              00 00 00 
              00 00 00 
              00 00 00 
              00 00 00 
              00 00 00 
              00 00 00 
              00 00 00 
              00 00 00 
              00 00 00 
              00 00 00 
              00 00 00 
              00 00 00 
              00 00 00 
              00 00 00 
              00 00 00 
              00 00 00 
              00 00 00 
              00 00 00 
              00 00 00 
              00 00 00 
              00 00 00 
              00 00 00 
              00 00 00 
              00 00 00 
              00 00 00 
              00 00 00 
              00 00 00 
              00 00 00 
              00 00 00 
              00 00 00 
              00 00 00 
              00 00 00 
              00 00 00 
              00 00 00 



ARM Macro Assembler    Page 15 


              00 00 00 
              00 00 00 
              00 00 00 
              00 00 00 
              00 00 00 
              00 00 00 
              00 00 00 
              00 00 00 
              00 00 00 
              00 00 00 
              00 00 00 
              00 00 00 
              00 00 00 
              00 00 00 
              00 00 00 
              00 00 00 
              00 00 00 
              00 00 00 
              00 00 00 
              00 00 00 
              00 00 00 
              00 00 00 
              00 00 00 
              00 00 00 
              00 00 00 
              00 00 00 
              00 00 00 
              00 00 00 
              00 00 00 
              00 00 00 
              00 00 00 
              00 00 00 
              00 00 00 
              00 00 00 
              00 00 00 
              00 00 00 
              00 00 00 
              00 00 00 
              00 00 00 
              00 00 00 
              00 00 00 
              00 00 00 
              00 00 00 
              00 00 00 
              00 00 00 
              00 00 00 
              00 00 00 
              00 00 00 
              00 00 00 
              00 00 00 
              00 00 00 
              00 00 00 
              00 00 00 
              00 00 00 
              00 00 00 
              00 00 00 
              00 00 00 
              00 00 00 
              00 00 00 



ARM Macro Assembler    Page 16 


              00 00 00 
              00 00 00 
              00 00 00 
              00 00 00 
              00 00 00 
              00 00 00 
              00 00 00 
              00 00 00 
              00 00 00 
              00 00 00 
              00 00 00 
              00 00 00 
              00 00 00 
              00 00 00 
              00 00 00 
              00 00 00 
              00 00 00 
              00 00 00 
              00 00 00 
              00 00 00 
              00 00 00 
              00 00 00 
              00 00 00 
              00 00 00 
              00 00 00 
              00 00 00 
              00 00 00 
              00 00 00 
              00 00 00 
              00 00 00 
              00 00 00 
              00 00 00 
              00 00 00 
              00 00 00 
              00 00 00 
              00 00 00 
              00 00 00 
              00 00 00 
              00 00 00 
              00 00 00 
              00 00 00 
              00 00 00 
              00 00 00 
              00 00 00 
              00 00 00 
              00 00 00 
              00 00 00 
              00 00 00 
              00 00 00 
              00 00 00 
              00 00 00 
              00 00 00 
              00 00 00 
              00 00 00 
              00 00 00 
              00 00 00 
              00 00 00 
              00 00 00 
              00 00 00 



ARM Macro Assembler    Page 17 


              00 00 00 
              00 00 00 
              00 00 00 
              00 00 00 
              00 00 00 
              00 00 00 
              00 00 00 
              00 00 00 
              00 00 00 
              00 00 00 
              00 00 00 
              00 00 00 
              00 00 00 
              00 00 00 
              00 00 00 
              00 00 00 
              00 00 00 
              00 00 00 
              00 00 00 
              00 00 00 
              00 00 00 
              00 00 00 
              00 00 00 
              00 00 00 
              00 00 00 
              00 00 00 
              00 00 00 
              00 00 00 
              00 00 00 
              00 00 00 
              00 00 00 
              00 00 00 
              00 00 00 
              00 00 00 
              00 00 00 
              00 00 00 
              00 00 00 
              00 00 00 
              00 00 00 
              00 00 00 
              00 00 00 
              00 00 00 
              00 00 00 
              00 00 00 
              00 00 00 
              00 00 00 
              00 00 00 
              00 00 00 
              00 00 00 
              00 00 00 
              00 00 00 
              00 00 00 
              00 00 00 
              00 00 00 
              00 00 00 
              00 00 00 
              00 00 00 
              00 00 00 
              00 00 00 



ARM Macro Assembler    Page 18 


              00 00 00 
              00 00 00 
              00 00 00 
              00 00 00 
              00 00 00 
              00 00 00 
              00 00 00 
              00 00 00 
              00 00 00 
              00 00 00 
              00 00 00 
              00 00 00 
              00 00 00 
              00 00 00 
              00 00 00 
              00 00 00 
              00 00 00 
              00 00 00 
              00 00 00 
              00 00 00 
              00 00 00 
              00 00 00 
              00 00 00 
              00 00 00 
              00 00 00 
              00 00 00 
              00 00 00 
              00 00 00 
              00 00 00 
              00 00 00 
              00 00 00 
              00 00 00 
              00 00 00 
              00 00 00 
              00 00 00 
              00 00 00 
              00 00 00 
              00 00 00 
              00 00 00 
              00 00 00 
              00 00 00 
              00 00 00 
              00 00 00 
              00 00 00 
              00 00 00 
              00 00 00 
              00 00 00 
              00 00 00 
              00 00 00 
              00 00 00 
              00 00 00 
              00 00 00 
              00 00 00 
              00 00 00 
              00 00 00 
              00 00 00 
              00 00 00 
              00 00 00 
              00 00 00 



ARM Macro Assembler    Page 19 


              00 00 00 
              00 00 00 
              00 00 00 
              00 00 00 
              00 00 00 
              00 00 00 
              00 00 00 
              00 00 00 
              00 00 00 
              00 00 00 
              00 00 00 
              00 00 00 
              00 00 00 
              00 00 00 
              00 00 00 
              00 00 00 
              00 00 00 
              00 00 00 
              00 00 00 
              00 00 00 
              00 00 00 
              00 00 00 
              00 00 00 
              00 00 00 
              00 00 00 
              00 00 00 
              00 00 00 
              00 00 00 
              00 00 00 
              00 00 00 
              00 00 00 
              00 00 00 
              00 00 00 
              00 00 00 
              00 00 00 
              00 00 00 
              00 00 00 
              00 00 00 
              00 00 00 
              00 00 00 
              00 00 00 
              00 00 00 
              00 00 00 
              00 00 00 
              00 00 00 
              00 00 00 
              00 00 00 
              00 00 00 
              00 00 00 
              00 00 00 
              00 00 00 
              00 00 00 
              00 00 00 
              00 00 00 
              00 00 00 
              00 00 00 
              00 00 00 
              00 00 00 
              00 00 00 



ARM Macro Assembler    Page 20 


              00 00 00 
              00 00 00 
              00 00 00 
              00 00 00 
              00 00 00 
              00 00 00 
              00 00 00 
              00 00 00 
              00 00 00 
              00 00 00 
              00 00 00 
              00 00 00 
              00 00 00 
              00 00 00 
              00 00 00 
              00 00 00 
              00 00 00 
              00 00 00 
              00 00 00 
              00 00 00 
              00 00 00 
              00 00 00 
              00 00 00 
              00 00 00 
              00 00 00 
              00 00 00 
              00 00 00 
              00 00 00 
              00 00 00 
              00 00 00 
              00 00 00 
              00 00 00 
              00 00 00 
              00 00 00 
              00 00 00 
              00 00 00 
              00 00 00 
              00 00 00 
              00 00 00 
              00 00 00 
              00 00 00 
              00 00 00 
              00 00 00 
              00 00 00 
              00 00 00 
              00 00 00 
              00 00 00 
              00 00 00 
              00 00 00 
              00 00 00 
              00 00 00 
              00 00 00 
              00 00 00 
              00 00 00 
              00 00 00 
              00 00 00 
              00 00 00 
              00 00 00 
              00 00 00 



ARM Macro Assembler    Page 21 


              00 00 00 
              00 00 00 
              00 00 00 
              00 00 00 
              00 00 00 
              00 00 00 
              00 00 00 
              00 00 00 
              00 00 00 
              00 00 00 
              00 00 00 
              00 00 00 
              00 00 00 
              00 00 00 
              00 00 00 
              00 00 00 
              00 00 00 
              00 00 00 
              00 00 00 
              00 00 00 
              00 00 00 
              00 00 00 
              00 00 00 
              00 00 00 
              00 00 00 
              00 00 00 
              00 00 00 
              00 00 00 
              00 00 00 
              00 00 00 
              00 00 00 
              00 00 00 
              00 00 00 
              00 00 00 
              00 00 00 
              00 00 00 
              00 00 00 
              00 00 00 
              00 00 00 
              00 00 00 
              00 00 00 
              00 00 00 
              00 00 00 
              00 00 00 
              00 00 00 
              00 00 00 
              00 00 00 
              00 00 00 
              00 00 00 
              00 00 00 
              00 00 00 
              00 00 00 
              00 00 00 
              00 00 00 
              00 00 00 
              00 00 00 
              00 00 00 
              00 00 00 
              00 00 00 



ARM Macro Assembler    Page 22 


              00 00 00 
              00 00 00 
              00 00 00 
              00 00 00 
              00 00 00 
              00 00 00 
              00 00 00 
              00 00 00 
              00 00 00 
              00 00 00 
              00 00 00 
              00 00 00 
              00 00 00 
              00 00 00 
              00 00 00 
              00 00 00 
              00 00 00 
              00 00 00 
              00 00 00 
              00 00 00 
              00 00 00 
              00 00 00 
              00 00 00 
              00 00 00 
              00 00 00 
              00 00 00 
              00 00 00 
              00 00 00 
              00 00 00 
              00 00 00 
              00 00 00 
              00 00 00 
              00 00 00 
              00 00 00 
              00 00 00 
              00 00 00 
              00 00 00 
              00 00 00 
              00 00 00 
              00 00 00 
              00 00 00 
              00 00 00 
              00 00 00 
              00 00 00 
              00 00 00 
              00 00 00 
              00 00 00 
              00 00 00 
              00 00 00 
              00 00 00 
              00 00 00 
              00 00 00 
              00 00 00 
              00 00 00 
              00 00 00 
              00 00 00 
              00 00 00 
              00 00 00 
              00 00 00 



ARM Macro Assembler    Page 23 


              00 00 00 
              00 00 00 
              00 00 00 
              00 00 00 
              00 00 00 
              00 00 00 
              00 00 00 
              00 00 00 
              00 00 00 
              00 00 00 
              00 00 00 
              00 00 00 
              00 00 00 
              00 00 00 
              00 00 00 
              00 00 00 
              00 00 00 
              00 00 00 
              00 00 00 
              00 00 00 
              00 00 00 
              00 00 00 
              00 00 00 
              00 00 00 
              00 00 00 
              00 00 00 
              00 00 00 
              00 00 00 
              00 00 00 
              00 00 00 
              00 00 00 
              00 00 00 
              00 00 00 
              00 00 00 
              00 00 00 
              00 00 00 
              00 00 00 
              00 00 00 
              00 00 00 
              00 00 00 
              00 00 00 
              00 00 00 
              00 00 00 
              00 00 00 
              00 00 00 
              00 00 00 
              00 00 00 
              00 00 00 
              00 00 00 
              00 00 00 
              00 00 00 
              00 00 00 
              00 00 00 
              00 00 00 
              00 00 00 
              00 00 00 
              00 00 00 
              00 00 00 
              00 00 00 



ARM Macro Assembler    Page 24 


              00 00 00 
              00 00 00 
              00 00 00 
              00 00 00 
              00 00 00 
              00 00 00 
              00 00 00 
              00 00 00 
              00 00 00 
              00 00 00 
              00 00 00 
              00 00 00 
              00 00 00 
              00 00 00 
              00 00 00 
              00 00 00 
              00 00 00 
              00 00 00 
              00 00 00 
              00 00 00 
              00 00 00 
              00 00 00 
              00 00 00 
              00 00 00 
              00 00 00 
              00 00 00 
              00 00 00 
              00 00 00 
              00 00 00 
              00 00 00 
              00 00 00 
              00 00 00 
              00 00 00 
              00 00 00 
              00 00 00 
              00 00 00 
              00 00 00 
              00 00 00 
              00 00 00 
              00 00 00 
              00 00 00 
              00 00 00 
              00 00 00 
              00 00 00 
              00 00 00 
              00 00 00 
              00 00 00 
              00 00 00 
              00 00 00 
              00 00 00 
              00 00 00 
              00 00 00 
              00 00 00 
              00 00 00 
              00 00 00 
              00 00 00 
              00 00 00 
              00 00 00 
              00 00 00 



ARM Macro Assembler    Page 25 


              00 00 00 
              00 00 00 
              00 00 00 
              00 00 00 
              00 00 00 
              00 00 00 
              00 00 00 
              00 00 00 
              00 00 00 
              00 00 00 
              00 00 00 
              00 00 00 
              00 00 00 
              00 00 00 
              00 00 00 
              00 00 00 
              00 00 00 
              00 00 00 
              00 00 00 
              00 00 00 
              00 00 00 
              00 00 00 
              00 00 00 
              00 00 00 
              00 00 00 
              00 00 00 
              00 00 00 
              00 00 00 
              00 00 00 
              00 00 00 
              00 00 00 
              00 00 00 
              00 00 00 
              00 00 00 
              00 00 00 
              00 00 00 
              00 00 00 
              00 00 00 
              00 00 00 
              00 00 00 
              00 00 00 
              00 00 00 
              00 00 00 
              00 00 00 
              00 00 00 
              00 00 00 
              00 00 00 
              00 00 00 
              00 00 00 
              00 00 00 
              00 00 00 
              00 00 00 
              00 00 00 
              00 00 00 
              00 00 00 
              00 00 00 
              00 00 00 
              00 00 00 
              00 00 00 



ARM Macro Assembler    Page 26 


              00 00 00 
              00 00 00 
              00 00 00 
              00 00 00 
              00 00 00 
              00 00 00 
              00 00 00 
              00 00 00 
              00 00 00 
              00 00 00 
              00 00 00 
              00 00 00 
              00 00 00 
              00 00 00 
              00 00 00 
              00 00 00 
              00 00 00 
              00 00 00 
              00 00 00 
              00 00 00 
              00 00 00 
              00 00 00 
              00 00 00 
              00 00 00 
              00 00 00 
              00 00 00 
              00 00 00 
              00 00 00 
              00 00 00 
              00 00 00 
              00 00 00 
              00 00 00 
              00 00 00 
              00 00 00 
              00 00 00 
              00 00 00 
              00 00 00 
              00 00 00 
              00 00 00 
              00 00 00 
              00 00 00 
              00 00 00 
              00 00 00 
              00 00 00 
              00 00 00 
              00 00 00 
              00 00 00 
              00 00 00 
              00 00 00 
              00 00 00 
              00 00 00 
              00 00 00 
              00 00 00 
              00 00 00 
              00 00 00 
              00 00 00 
              00 00 00 
              00 00 00 
              00 00 00 



ARM Macro Assembler    Page 27 


              00 00 00 
              00 00 00 
              00 00 00 
              00 00 00 
              00 00 00 
              00 00 00 
              00 00 00 
              00 00 00 
              00 00 00 
              00 00 00 
              00 00 00 
              00 00 00 
              00 00 00 
              00 00 00 
              00 00 00 
              00 00 00 
              00 00 00 
              00 00 00 
              00 00 00 
              00 00 00 
              00 00 00 
              00 00 00 
              00 00 00 
              00 00 00 
              00 00 00 
              00 00 00 
              00 00 00 
              00 00 00 
              00 00 00 
              00 00 00 
              00 00 00 
              00 00 00 
              00 00 00 
              00 00 00 
              00 00 00 
              00 00 00 
              00 00 00 
              00 00 00 
              00 00 00 
              00 00 00 
              00 00 00 
              00 00 00 
              00 00 00 
              00 00 00 
              00 00 00 
              00 00 00 
              00 00 00 
              00 00 00 
              00 00 00 
              00 00 00 
              00 00 00 
              00 00 00 
              00 00 00 
              00 00 00 
              00 00 00 
              00 00 00 
              00 00 00 
              00 00 00 
              00 00 00 



ARM Macro Assembler    Page 28 


              00 00 00 
              00 00 00 
              00 00 00 
              00 00 00 
              00 00 00 
              00 00 00 
              00 00 00 
              00 00 00 
              00 00 00 
              00 00 00 
              00 00 00 
              00 00 00 
              00 00 00 
              00 00 00 
              00 00 00 
              00 00 00 
              00 00 00 
              00 00 00 
              00 00 00 
              00 00 00 
              00 00 00 
              00 00 00 
              00 00 00 
              00 00 00 
              00 00 00 
              00 00 00 
              00 00 00 
              00 00 00 
              00 00 00 
              00 00 00 
              00 00 00 
              00 00 00 
              00 00 00 
              00 00 00 
              00               SPACE            4096
  139 0000106E         
  140 0000106E        0 
                       ultimo  RN               0
  141 0000106E        5 
                       vettCalorie
                               RN               5
  142 0000106E        6 
                       vettSport
                               RN               6
  143 0000106E        7 
                       nrSport RN               7
  144 0000106E        B 
                       nrGiorni
                               RN               11
  145 0000106E         
  146 0000106E         
  147 0000106E                 AREA             |.text|, CODE, READONLY
  148 0000106E         ; Reset Handler
  149 0000106E         
  150 0000106E         Reset_Handler
                               PROC
  151 0000106E                 EXPORT           Reset_Handler             [WEAK
]
  152 0000106E         



ARM Macro Assembler    Page 29 


  153 0000106E F8DF B0F0       LDR              r11, =Num_days
  154 00001072 F89B B000       LDRB             nrGiorni, [r11]
  155 00001076 4D3B            LDR              vettCalorie, =Calories_food ;R5
                                                             salvo indirizzo ve
                                                            ttore calorie
  156 00001078         ;R2 salvo il giorno
  157 00001078         ;R3 salvo le calorie del giorno
  158 00001078         ;R4 salvo indirizzo vettore nuovo
  159 00001078 4F3B            LDR              r7, =Num_days_sport
  160 0000107A 783F            LDRB             nrSport, [r7]
  161 0000107C 4E3B            LDR              vettSport, =Calories_sport
  162 0000107E         
  163 0000107E 4C3C            LDR              R4, =My_space
  164 00001080         
  165 00001080 F84D BD04       PUSH             {nrGiorni}
  166 00001084 E9D5 2300       LDRD             R2, [vettCalorie]
  167 00001088 E9C4 2300       STRD             R2, R3, [R4]
  168 0000108C F1AB 0B01       SUB              nrGiorni, nrGiorni, #1
  169 00001090 F105 0508       ADD              vettCalorie, vettCalorie, #8
  170 00001094 4620            MOV              ultimo, r4
  171 00001096         
  172 00001096         
  173 00001096         
  174 00001096         loop
  175 00001096 E9D5 2300       LDRD             R2, [vettCalorie]
  176 0000109A E92D 083C       PUSH             {nrGiorni, vettCalorie, R2, R3,
 R4}
  177 0000109E F000 F820       BL               sub1
  178 000010A2 E8BD 083C       POP              {nrGiorni, vettCalorie, R2, R3,
 R4}
  179 000010A6         
  180 000010A6 F1BB 0B01       SUBS             nrGiorni, nrGiorni, #1
  181 000010AA F105 0508       ADD              vettCalorie, vettCalorie, #8
  182 000010AE D1F2            BNE              loop
  183 000010B0 F85D BB04       POP              {nrGiorni}
  184 000010B4         
  185 000010B4 4C2F            LDR              R4, =My_space_sport
  186 000010B6         
  187 000010B6 E9D6 2300       LDRD             R2, [vettSport]
  188 000010BA E9C4 2300       STRD             R2, R3, [R4]
  189 000010BE B480            PUSH             {nrSport}
  190 000010C0         
  191 000010C0 F1A7 0701       SUB              nrSport, nrSport, #1
  192 000010C4 F106 0608       ADD              vettSport, vettSport, #8
  193 000010C8 4620            MOV              ultimo, r4
  194 000010CA         
  195 000010CA E9D6 2300 
                       loopSport
                               LDRD             R2, [vettSport]
  196 000010CE B4DC            PUSH             {nrSport, vettSport, R2, R3, R4
}
  197 000010D0 F000 F807       BL               sub1
  198 000010D4 BCDC            POP              {nrSport, vettSport, R2, R3, R4
}
  199 000010D6         
  200 000010D6 1E7F            SUBS             nrSport, nrSport, #1
  201 000010D8 F106 0608       ADD              vettSport, vettSport, #8
  202 000010DC D1F5            BNE              loopSport
  203 000010DE BC80            POP              {nrSport}



ARM Macro Assembler    Page 30 


  204 000010E0         
  205 000010E0 E014            B                riempiVettori
  206 000010E2         sub1
  207 000010E2 B5F0            PUSH             {r4, r5, r6, r7, LR} ; aggiunge
                                                            re altri registri c
                                                            he uso
  208 000010E4 9C00            LDR              R4, [sp]    ; valore iniziale 
  209 000010E6 4607            MOV              r7, ultimo
  210 000010E8         
  211 000010E8 42A7    loopInt CMP              r7, r4
  212 000010EA BFB8 E9C4 
              2300             STRDLT           R2, R3, [R4]
  213 000010F0 DB09            BLT              outP
  214 000010F2 E9D7 5600       LDRD             R5, [r7]    ;r5 contiene ultimo
                                                             giorno e r6 ultimo
                                                             valore calorie
  215 000010F6 42B3            CMP              R3, R6      ; confronto valore 
                                                            da inserire con ult
                                                            imo
  216 000010F8 BFD2 E9C7 
              2302             STRDLE           R2, R3, [r7,#8]
  217 000010FE E9C7 5602       STRDGT           R5, R6, [r7,#8]
  218 00001102 3F08            SUBGT            R7, R7, #8
  219 00001104 DCF0            BGT              loopInt
  220 00001106         
  221 00001106 F100 0008 
                       outP    ADD              ultimo, ultimo, #8
  222 0000110A BDF0            POP              {r4, r5, r6, r7, PC} ;
  223 0000110C         
  224 0000110C         
  225 0000110C         
  226 0000110C 4A1A    riempiVettori
                               LDR              R2,=Calories_food_ordered
  227 0000110E 4B1B            LDR              R3,=Calories_sport_ordered
  228 00001110 4C17            LDR              R4, =My_space
  229 00001112 F8DF 9060       LDR              R9, =My_space_sport
  230 00001116         
  231 00001116         
  232 00001116 F1BB 0B01 
                       loop1   SUBS             nrGiorni, nrGiorni, #1
  233 0000111A BFB8 F854 
              BC08             LDRLT            R11, [R4, #-8]
  234 00001120 DB06            BLT              loop2
  235 00001122 6825            LDR              R5, [R4]
  236 00001124 6015            STR              R5, [R2]
  237 00001126 F102 0204       ADD              R2, R2, #4
  238 0000112A F104 0408       ADD              R4, R4, #8
  239 0000112E E7F2            B                loop1
  240 00001130         
  241 00001130 1E7F    loop2   SUBS             nrSport, nrSport, #1
  242 00001132 DB07            BLT              fine
  243 00001134 F8D9 5000       LDR              R5, [R9]
  244 00001138 601D            STR              R5, [R3]
  245 0000113A F103 0304       ADD              R3, R3, #4
  246 0000113E F109 0908       ADD              R9, R9, #8
  247 00001142 E7F5            B                loop2
  248 00001144         
  249 00001144         
  250 00001144 480E    fine    LDR              R0, =stop



ARM Macro Assembler    Page 31 


  251 00001146 4700    stop    BX               R0
  252 00001148                 ENDP
  253 00001148         
  254 00001148         
  255 00001148         ; Dummy Exception Handlers (infinite loops which can be 
                       modified)
  256 00001148         
  257 00001148         NMI_Handler
                               PROC
  258 00001148                 EXPORT           NMI_Handler               [WEAK
]
  259 00001148 E7FE            B                .
  260 0000114A                 ENDP
  262 0000114A         HardFault_Handler
                               PROC
  263 0000114A                 EXPORT           HardFault_Handler         [WEAK
]
  264 0000114A         ; your code
  265 0000114A F040 0001       orr              r0,r0,#1
  266 0000114E 4700            BX               r0
  267 00001150                 ENDP
  269 00001150         MemManage_Handler
                               PROC
  270 00001150                 EXPORT           MemManage_Handler         [WEAK
]
  271 00001150 E7FE            B                .
  272 00001152                 ENDP
  274 00001152         BusFault_Handler
                               PROC
  275 00001152                 EXPORT           BusFault_Handler          [WEAK
]
  276 00001152 E7FE            B                .
  277 00001154                 ENDP
  279 00001154         UsageFault_Handler
                               PROC
  280 00001154                 EXPORT           UsageFault_Handler        [WEAK
]
  281 00001154 E7FE            B                .
  282 00001156                 ENDP
  283 00001156         SVC_Handler
                               PROC
  284 00001156                 EXPORT           SVC_Handler               [WEAK
]
  285 00001156 E7FE            B                .
  286 00001158                 ENDP
  288 00001158         DebugMon_Handler
                               PROC
  289 00001158                 EXPORT           DebugMon_Handler          [WEAK
]
  290 00001158 E7FE            B                .
  291 0000115A                 ENDP
  292 0000115A         PendSV_Handler
                               PROC
  293 0000115A                 EXPORT           PendSV_Handler            [WEAK
]
  294 0000115A E7FE            B                .
  295 0000115C                 ENDP
  296 0000115C         SysTick_Handler
                               PROC



ARM Macro Assembler    Page 32 


  297 0000115C                 EXPORT           SysTick_Handler           [WEAK
]
  298 0000115C E7FE            B                .
  299 0000115E                 ENDP
  300 0000115E         
  301 0000115E         Default_Handler
                               PROC
  302 0000115E         
  303 0000115E                 EXPORT           WDT_IRQHandler            [WEAK
]
  304 0000115E                 EXPORT           TIMER0_IRQHandler         [WEAK
]
  305 0000115E                 EXPORT           TIMER1_IRQHandler         [WEAK
]
  306 0000115E                 EXPORT           TIMER2_IRQHandler         [WEAK
]
  307 0000115E                 EXPORT           TIMER3_IRQHandler         [WEAK
]
  308 0000115E                 EXPORT           UART0_IRQHandler          [WEAK
]
  309 0000115E                 EXPORT           UART1_IRQHandler          [WEAK
]
  310 0000115E                 EXPORT           UART2_IRQHandler          [WEAK
]
  311 0000115E                 EXPORT           UART3_IRQHandler          [WEAK
]
  312 0000115E                 EXPORT           PWM1_IRQHandler           [WEAK
]
  313 0000115E                 EXPORT           I2C0_IRQHandler           [WEAK
]
  314 0000115E                 EXPORT           I2C1_IRQHandler           [WEAK
]
  315 0000115E                 EXPORT           I2C2_IRQHandler           [WEAK
]
  316 0000115E                 EXPORT           SPI_IRQHandler            [WEAK
]
  317 0000115E                 EXPORT           SSP0_IRQHandler           [WEAK
]
  318 0000115E                 EXPORT           SSP1_IRQHandler           [WEAK
]
  319 0000115E                 EXPORT           PLL0_IRQHandler           [WEAK
]
  320 0000115E                 EXPORT           RTC_IRQHandler            [WEAK
]
  321 0000115E                 EXPORT           EINT0_IRQHandler          [WEAK
]
  322 0000115E                 EXPORT           EINT1_IRQHandler          [WEAK
]
  323 0000115E                 EXPORT           EINT2_IRQHandler          [WEAK
]
  324 0000115E                 EXPORT           EINT3_IRQHandler          [WEAK
]
  325 0000115E                 EXPORT           ADC_IRQHandler            [WEAK
]
  326 0000115E                 EXPORT           BOD_IRQHandler            [WEAK
]
  327 0000115E                 EXPORT           USB_IRQHandler            [WEAK
]
  328 0000115E                 EXPORT           CAN_IRQHandler            [WEAK



ARM Macro Assembler    Page 33 


]
  329 0000115E                 EXPORT           DMA_IRQHandler            [WEAK
]
  330 0000115E                 EXPORT           I2S_IRQHandler            [WEAK
]
  331 0000115E                 EXPORT           ENET_IRQHandler           [WEAK
]
  332 0000115E                 EXPORT           RIT_IRQHandler            [WEAK
]
  333 0000115E                 EXPORT           MCPWM_IRQHandler          [WEAK
]
  334 0000115E                 EXPORT           QEI_IRQHandler            [WEAK
]
  335 0000115E                 EXPORT           PLL1_IRQHandler           [WEAK
]
  336 0000115E                 EXPORT           USBActivity_IRQHandler    [WEAK
]
  337 0000115E                 EXPORT           CANActivity_IRQHandler    [WEAK
]
  338 0000115E         
  339 0000115E         WDT_IRQHandler
  340 0000115E         TIMER0_IRQHandler
  341 0000115E         TIMER1_IRQHandler
  342 0000115E         TIMER2_IRQHandler
  343 0000115E         TIMER3_IRQHandler
  344 0000115E         UART0_IRQHandler
  345 0000115E         UART1_IRQHandler
  346 0000115E         UART2_IRQHandler
  347 0000115E         UART3_IRQHandler
  348 0000115E         PWM1_IRQHandler
  349 0000115E         I2C0_IRQHandler
  350 0000115E         I2C1_IRQHandler
  351 0000115E         I2C2_IRQHandler
  352 0000115E         SPI_IRQHandler
  353 0000115E         SSP0_IRQHandler
  354 0000115E         SSP1_IRQHandler
  355 0000115E         PLL0_IRQHandler
  356 0000115E         RTC_IRQHandler
  357 0000115E         EINT0_IRQHandler
  358 0000115E         EINT1_IRQHandler
  359 0000115E         EINT2_IRQHandler
  360 0000115E         EINT3_IRQHandler
  361 0000115E         ADC_IRQHandler
  362 0000115E         BOD_IRQHandler
  363 0000115E         USB_IRQHandler
  364 0000115E         CAN_IRQHandler
  365 0000115E         DMA_IRQHandler
  366 0000115E         I2S_IRQHandler
  367 0000115E         ENET_IRQHandler
  368 0000115E         RIT_IRQHandler
  369 0000115E         MCPWM_IRQHandler
  370 0000115E         QEI_IRQHandler
  371 0000115E         PLL1_IRQHandler
  372 0000115E         USBActivity_IRQHandler
  373 0000115E         CANActivity_IRQHandler
  374 0000115E         
  375 0000115E E7FE            B                .
  376 00001160         
  377 00001160                 ENDP



ARM Macro Assembler    Page 34 


  378 00001160         
  379 00001160         
  380 00001160                 ALIGN
  381 00001160         
  382 00001160         
  383 00001160         ; User Initial Stack & Heap
  384 00001160         
  385 00001160                 EXPORT           __initial_sp
  386 00001160                 EXPORT           __heap_base
  387 00001160                 EXPORT           __heap_limit
  388 00001160         
  389 00001160                 END
              00000000 
              00000000 
              00000000 
              00000000 
              00000000 
              00000000 
              00000000 
              00000000 
              00000000 
Command Line: --debug --xref --diag_suppress=9931 --cpu=Cortex-M3 --apcs=interw
ork --depend=.\startup.d -o.\startup.o -I.\RTE\_Target_1 -IC:\Users\Arbore\AppD
ata\Local\Arm\Packs\ARM\CMSIS\5.9.0\CMSIS\Core\Include -IC:\Users\Arbore\AppDat
a\Local\Arm\Packs\Keil\LPC1700_DFP\2.7.1\Device\Include --predefine="__EVAL SET
A 1" --predefine="__UVISION_VERSION SETA 538" --predefine="_RTE_ SETA 1" --pred
efine="LPC175x_6x SETA 1" --predefine="_RTE_ SETA 1" --list=.\startup.lst start
up.s



ARM Macro Assembler    Page 1 Alphabetic symbol ordering
Relocatable symbols

STACK 00000000

Symbol: STACK
   Definitions
      At line 33 in file startup.s
   Uses
      None
Comment: STACK unused
Stack_Mem 00000000

Symbol: Stack_Mem
   Definitions
      At line 34 in file startup.s
   Uses
      None
Comment: Stack_Mem unused
__initial_sp 00000200

Symbol: __initial_sp
   Definitions
      At line 35 in file startup.s
   Uses
      At line 59 in file startup.s
      At line 385 in file startup.s

3 symbols



ARM Macro Assembler    Page 1 Alphabetic symbol ordering
Relocatable symbols

HEAP 00000000

Symbol: HEAP
   Definitions
      At line 44 in file startup.s
   Uses
      None
Comment: HEAP unused
Heap_Mem 00000000

Symbol: Heap_Mem
   Definitions
      At line 46 in file startup.s
   Uses
      None
Comment: Heap_Mem unused
__heap_base 00000000

Symbol: __heap_base
   Definitions
      At line 45 in file startup.s
   Uses
      At line 386 in file startup.s
Comment: __heap_base used once
__heap_limit 00000200

Symbol: __heap_limit
   Definitions
      At line 47 in file startup.s
   Uses
      At line 387 in file startup.s
Comment: __heap_limit used once
4 symbols



ARM Macro Assembler    Page 1 Alphabetic symbol ordering
Relocatable symbols

RESET 00000000

Symbol: RESET
   Definitions
      At line 56 in file startup.s
   Uses
      None
Comment: RESET unused
__Vectors 00000000

Symbol: __Vectors
   Definitions
      At line 59 in file startup.s
   Uses
      At line 57 in file startup.s
Comment: __Vectors used once
2 symbols



ARM Macro Assembler    Page 1 Alphabetic symbol ordering
Relocatable symbols

.ARM.__at_0x02FC 00000000

Symbol: .ARM.__at_0x02FC
   Definitions
      At line 115 in file startup.s
   Uses
      None
Comment: .ARM.__at_0x02FC unused
CRP_Key 00000000

Symbol: CRP_Key
   Definitions
      At line 116 in file startup.s
   Uses
      None
Comment: CRP_Key unused
2 symbols



ARM Macro Assembler    Page 1 Alphabetic symbol ordering
Relocatable symbols

Calories_food_ordered 00000000

Symbol: Calories_food_ordered
   Definitions
      At line 122 in file startup.s
   Uses
      At line 226 in file startup.s
Comment: Calories_food_ordered used once
Calories_sport_ordered 0000001C

Symbol: Calories_sport_ordered
   Definitions
      At line 123 in file startup.s
   Uses
      At line 227 in file startup.s
Comment: Calories_sport_ordered used once
My_DATA 00000000

Symbol: My_DATA
   Definitions
      At line 120 in file startup.s
   Uses
      None
Comment: My_DATA unused
My_space 00000028

Symbol: My_space
   Definitions
      At line 124 in file startup.s
   Uses
      At line 163 in file startup.s
      At line 228 in file startup.s

My_space_sport 00000064

Symbol: My_space_sport
   Definitions
      At line 126 in file startup.s
   Uses
      At line 185 in file startup.s
      At line 229 in file startup.s

5 symbols



ARM Macro Assembler    Page 1 Alphabetic symbol ordering
Relocatable symbols

.text 00000000

Symbol: .text
   Definitions
      At line 128 in file startup.s
   Uses
      None
Comment: .text unused
ADC_IRQHandler 0000115E

Symbol: ADC_IRQHandler
   Definitions
      At line 361 in file startup.s
   Uses
      At line 99 in file startup.s
      At line 325 in file startup.s

BOD_IRQHandler 0000115E

Symbol: BOD_IRQHandler
   Definitions
      At line 362 in file startup.s
   Uses
      At line 100 in file startup.s
      At line 326 in file startup.s

BusFault_Handler 00001152

Symbol: BusFault_Handler
   Definitions
      At line 274 in file startup.s
   Uses
      At line 64 in file startup.s
      At line 275 in file startup.s

CANActivity_IRQHandler 0000115E

Symbol: CANActivity_IRQHandler
   Definitions
      At line 373 in file startup.s
   Uses
      At line 111 in file startup.s
      At line 337 in file startup.s

CAN_IRQHandler 0000115E

Symbol: CAN_IRQHandler
   Definitions
      At line 364 in file startup.s
   Uses
      At line 102 in file startup.s
      At line 328 in file startup.s

Calories_food 0000001C

Symbol: Calories_food
   Definitions
      At line 132 in file startup.s
   Uses



ARM Macro Assembler    Page 2 Alphabetic symbol ordering
Relocatable symbols

      At line 155 in file startup.s
Comment: Calories_food used once
Calories_sport 00000054

Symbol: Calories_sport
   Definitions
      At line 134 in file startup.s
   Uses
      At line 161 in file startup.s
Comment: Calories_sport used once
DMA_IRQHandler 0000115E

Symbol: DMA_IRQHandler
   Definitions
      At line 365 in file startup.s
   Uses
      At line 103 in file startup.s
      At line 329 in file startup.s

Days 00000000

Symbol: Days
   Definitions
      At line 130 in file startup.s
   Uses
      None
Comment: Days unused
DebugMon_Handler 00001158

Symbol: DebugMon_Handler
   Definitions
      At line 288 in file startup.s
   Uses
      At line 71 in file startup.s
      At line 289 in file startup.s

Default_Handler 0000115E

Symbol: Default_Handler
   Definitions
      At line 301 in file startup.s
   Uses
      None
Comment: Default_Handler unused
EINT0_IRQHandler 0000115E

Symbol: EINT0_IRQHandler
   Definitions
      At line 357 in file startup.s
   Uses
      At line 95 in file startup.s
      At line 321 in file startup.s

EINT1_IRQHandler 0000115E

Symbol: EINT1_IRQHandler
   Definitions
      At line 358 in file startup.s
   Uses



ARM Macro Assembler    Page 3 Alphabetic symbol ordering
Relocatable symbols

      At line 96 in file startup.s
      At line 322 in file startup.s

EINT2_IRQHandler 0000115E

Symbol: EINT2_IRQHandler
   Definitions
      At line 359 in file startup.s
   Uses
      At line 97 in file startup.s
      At line 323 in file startup.s

EINT3_IRQHandler 0000115E

Symbol: EINT3_IRQHandler
   Definitions
      At line 360 in file startup.s
   Uses
      At line 98 in file startup.s
      At line 324 in file startup.s

ENET_IRQHandler 0000115E

Symbol: ENET_IRQHandler
   Definitions
      At line 367 in file startup.s
   Uses
      At line 105 in file startup.s
      At line 331 in file startup.s

HardFault_Handler 0000114A

Symbol: HardFault_Handler
   Definitions
      At line 262 in file startup.s
   Uses
      At line 62 in file startup.s
      At line 263 in file startup.s

I2C0_IRQHandler 0000115E

Symbol: I2C0_IRQHandler
   Definitions
      At line 349 in file startup.s
   Uses
      At line 87 in file startup.s
      At line 313 in file startup.s

I2C1_IRQHandler 0000115E

Symbol: I2C1_IRQHandler
   Definitions
      At line 350 in file startup.s
   Uses
      At line 88 in file startup.s
      At line 314 in file startup.s

I2C2_IRQHandler 0000115E




ARM Macro Assembler    Page 4 Alphabetic symbol ordering
Relocatable symbols

Symbol: I2C2_IRQHandler
   Definitions
      At line 351 in file startup.s
   Uses
      At line 89 in file startup.s
      At line 315 in file startup.s

I2S_IRQHandler 0000115E

Symbol: I2S_IRQHandler
   Definitions
      At line 366 in file startup.s
   Uses
      At line 104 in file startup.s
      At line 330 in file startup.s

MCPWM_IRQHandler 0000115E

Symbol: MCPWM_IRQHandler
   Definitions
      At line 369 in file startup.s
   Uses
      At line 107 in file startup.s
      At line 333 in file startup.s

MemManage_Handler 00001150

Symbol: MemManage_Handler
   Definitions
      At line 269 in file startup.s
   Uses
      At line 63 in file startup.s
      At line 270 in file startup.s

NMI_Handler 00001148

Symbol: NMI_Handler
   Definitions
      At line 257 in file startup.s
   Uses
      At line 61 in file startup.s
      At line 258 in file startup.s

Num_days 0000006C

Symbol: Num_days
   Definitions
      At line 136 in file startup.s
   Uses
      At line 153 in file startup.s
Comment: Num_days used once
Num_days_sport 0000006D

Symbol: Num_days_sport
   Definitions
      At line 137 in file startup.s
   Uses
      At line 159 in file startup.s
Comment: Num_days_sport used once



ARM Macro Assembler    Page 5 Alphabetic symbol ordering
Relocatable symbols

PLL0_IRQHandler 0000115E

Symbol: PLL0_IRQHandler
   Definitions
      At line 355 in file startup.s
   Uses
      At line 93 in file startup.s
      At line 319 in file startup.s

PLL1_IRQHandler 0000115E

Symbol: PLL1_IRQHandler
   Definitions
      At line 371 in file startup.s
   Uses
      At line 109 in file startup.s
      At line 335 in file startup.s

PWM1_IRQHandler 0000115E

Symbol: PWM1_IRQHandler
   Definitions
      At line 348 in file startup.s
   Uses
      At line 86 in file startup.s
      At line 312 in file startup.s

PendSV_Handler 0000115A

Symbol: PendSV_Handler
   Definitions
      At line 292 in file startup.s
   Uses
      At line 73 in file startup.s
      At line 293 in file startup.s

QEI_IRQHandler 0000115E

Symbol: QEI_IRQHandler
   Definitions
      At line 370 in file startup.s
   Uses
      At line 108 in file startup.s
      At line 334 in file startup.s

RIT_IRQHandler 0000115E

Symbol: RIT_IRQHandler
   Definitions
      At line 368 in file startup.s
   Uses
      At line 106 in file startup.s
      At line 332 in file startup.s

RTC_IRQHandler 0000115E

Symbol: RTC_IRQHandler
   Definitions
      At line 356 in file startup.s



ARM Macro Assembler    Page 6 Alphabetic symbol ordering
Relocatable symbols

   Uses
      At line 94 in file startup.s
      At line 320 in file startup.s

Reset_Handler 0000106E

Symbol: Reset_Handler
   Definitions
      At line 150 in file startup.s
   Uses
      At line 60 in file startup.s
      At line 151 in file startup.s

SPI_IRQHandler 0000115E

Symbol: SPI_IRQHandler
   Definitions
      At line 352 in file startup.s
   Uses
      At line 90 in file startup.s
      At line 316 in file startup.s

SSP0_IRQHandler 0000115E

Symbol: SSP0_IRQHandler
   Definitions
      At line 353 in file startup.s
   Uses
      At line 91 in file startup.s
      At line 317 in file startup.s

SSP1_IRQHandler 0000115E

Symbol: SSP1_IRQHandler
   Definitions
      At line 354 in file startup.s
   Uses
      At line 92 in file startup.s
      At line 318 in file startup.s

SVC_Handler 00001156

Symbol: SVC_Handler
   Definitions
      At line 283 in file startup.s
   Uses
      At line 70 in file startup.s
      At line 284 in file startup.s

SysTick_Handler 0000115C

Symbol: SysTick_Handler
   Definitions
      At line 296 in file startup.s
   Uses
      At line 74 in file startup.s
      At line 297 in file startup.s

TIMER0_IRQHandler 0000115E



ARM Macro Assembler    Page 7 Alphabetic symbol ordering
Relocatable symbols


Symbol: TIMER0_IRQHandler
   Definitions
      At line 340 in file startup.s
   Uses
      At line 78 in file startup.s
      At line 304 in file startup.s

TIMER1_IRQHandler 0000115E

Symbol: TIMER1_IRQHandler
   Definitions
      At line 341 in file startup.s
   Uses
      At line 79 in file startup.s
      At line 305 in file startup.s

TIMER2_IRQHandler 0000115E

Symbol: TIMER2_IRQHandler
   Definitions
      At line 342 in file startup.s
   Uses
      At line 80 in file startup.s
      At line 306 in file startup.s

TIMER3_IRQHandler 0000115E

Symbol: TIMER3_IRQHandler
   Definitions
      At line 343 in file startup.s
   Uses
      At line 81 in file startup.s
      At line 307 in file startup.s

UART0_IRQHandler 0000115E

Symbol: UART0_IRQHandler
   Definitions
      At line 344 in file startup.s
   Uses
      At line 82 in file startup.s
      At line 308 in file startup.s

UART1_IRQHandler 0000115E

Symbol: UART1_IRQHandler
   Definitions
      At line 345 in file startup.s
   Uses
      At line 83 in file startup.s
      At line 309 in file startup.s

UART2_IRQHandler 0000115E

Symbol: UART2_IRQHandler
   Definitions
      At line 346 in file startup.s
   Uses



ARM Macro Assembler    Page 8 Alphabetic symbol ordering
Relocatable symbols

      At line 84 in file startup.s
      At line 310 in file startup.s

UART3_IRQHandler 0000115E

Symbol: UART3_IRQHandler
   Definitions
      At line 347 in file startup.s
   Uses
      At line 85 in file startup.s
      At line 311 in file startup.s

USBActivity_IRQHandler 0000115E

Symbol: USBActivity_IRQHandler
   Definitions
      At line 372 in file startup.s
   Uses
      At line 110 in file startup.s
      At line 336 in file startup.s

USB_IRQHandler 0000115E

Symbol: USB_IRQHandler
   Definitions
      At line 363 in file startup.s
   Uses
      At line 101 in file startup.s
      At line 327 in file startup.s

UsageFault_Handler 00001154

Symbol: UsageFault_Handler
   Definitions
      At line 279 in file startup.s
   Uses
      At line 65 in file startup.s
      At line 280 in file startup.s

WDT_IRQHandler 0000115E

Symbol: WDT_IRQHandler
   Definitions
      At line 339 in file startup.s
   Uses
      At line 77 in file startup.s
      At line 303 in file startup.s

fine 00001144

Symbol: fine
   Definitions
      At line 250 in file startup.s
   Uses
      At line 242 in file startup.s
Comment: fine used once
loop 00001096

Symbol: loop



ARM Macro Assembler    Page 9 Alphabetic symbol ordering
Relocatable symbols

   Definitions
      At line 174 in file startup.s
   Uses
      At line 182 in file startup.s
Comment: loop used once
loop1 00001116

Symbol: loop1
   Definitions
      At line 232 in file startup.s
   Uses
      At line 239 in file startup.s
Comment: loop1 used once
loop2 00001130

Symbol: loop2
   Definitions
      At line 241 in file startup.s
   Uses
      At line 234 in file startup.s
      At line 247 in file startup.s

loopInt 000010E8

Symbol: loopInt
   Definitions
      At line 211 in file startup.s
   Uses
      At line 219 in file startup.s
Comment: loopInt used once
loopSport 000010CA

Symbol: loopSport
   Definitions
      At line 195 in file startup.s
   Uses
      At line 202 in file startup.s
Comment: loopSport used once
outP 00001106

Symbol: outP
   Definitions
      At line 221 in file startup.s
   Uses
      At line 213 in file startup.s
Comment: outP used once
riempiVettori 0000110C

Symbol: riempiVettori
   Definitions
      At line 226 in file startup.s
   Uses
      At line 205 in file startup.s
Comment: riempiVettori used once
stop 00001146

Symbol: stop
   Definitions
      At line 251 in file startup.s



ARM Macro Assembler    Page 10 Alphabetic symbol ordering
Relocatable symbols

   Uses
      At line 250 in file startup.s
Comment: stop used once
sub1 000010E2

Symbol: sub1
   Definitions
      At line 206 in file startup.s
   Uses
      At line 177 in file startup.s
      At line 197 in file startup.s

62 symbols



ARM Macro Assembler    Page 1 Alphabetic symbol ordering
Absolute symbols

Heap_Size 00000200

Symbol: Heap_Size
   Definitions
      At line 42 in file startup.s
   Uses
      At line 46 in file startup.s
Comment: Heap_Size used once
Stack_Size 00000200

Symbol: Stack_Size
   Definitions
      At line 31 in file startup.s
   Uses
      At line 34 in file startup.s
Comment: Stack_Size used once
2 symbols
423 symbols in table
