


ARM Macro Assembler    Page 1 


    1 00000000         ;/******************************************************
                       ********************//**
    2 00000000         ; * @file     startup_LPC17xx.s
    3 00000000         ; * @brief    CMSIS Cortex-M3 Core Device Startup File f
                       or
    4 00000000         ; *           NXP LPC17xx Device Series
    5 00000000         ; * @version  V1.10
    6 00000000         ; * @date     06. April 2011
    7 00000000         ; *
    8 00000000         ; * @note
    9 00000000         ; * Copyright (C) 2009-2011 ARM Limited. All rights rese
                       rved.
   10 00000000         ; *
   11 00000000         ; * @par
   12 00000000         ; * ARM Limited (ARM) is supplying this software for use
                        with Cortex-M
   13 00000000         ; * processor based microcontrollers.  This file can be 
                       freely distributed
   14 00000000         ; * within development tools that are supporting such AR
                       M based processors.
   15 00000000         ; *
   16 00000000         ; * @par
   17 00000000         ; * THIS SOFTWARE IS PROVIDED "AS IS".  NO WARRANTIES, W
                       HETHER EXPRESS, IMPLIED
   18 00000000         ; * OR STATUTORY, INCLUDING, BUT NOT LIMITED TO, IMPLIED
                        WARRANTIES OF
   19 00000000         ; * MERCHANTABILITY AND FITNESS FOR A PARTICULAR PURPOSE
                        APPLY TO THIS SOFTWARE.
   20 00000000         ; * ARM SHALL NOT, IN ANY CIRCUMSTANCES, BE LIABLE FOR S
                       PECIAL, INCIDENTAL, OR
   21 00000000         ; * CONSEQUENTIAL DAMAGES, FOR ANY REASON WHATSOEVER.
   22 00000000         ; *
   23 00000000         ; ******************************************************
                       ************************/
   24 00000000         
   25 00000000         ; *------- <<< Use Configuration Wizard in Context Menu 
                       >>> ------------------
   26 00000000         
   27 00000000         ; <h> Stack Configuration
   28 00000000         ;   <o> Stack Size (in Bytes) <0x0-0xFFFFFFFF:8>
   29 00000000         ; </h>
   30 00000000         
   31 00000000 00000200 
                       Stack_Size
                               EQU              0x00000200
   32 00000000         
   33 00000000                 AREA             STACK, NOINIT, READWRITE, ALIGN
=3
   34 00000000         Stack_Mem
                               SPACE            Stack_Size
   35 00000200         __initial_sp
   36 00000200         
   37 00000200         
   38 00000200         ; <h> Heap Configuration
   39 00000200         ;   <o>  Heap Size (in Bytes) <0x0-0xFFFFFFFF:8>
   40 00000200         ; </h>
   41 00000200         
   42 00000200 00000200 
                       Heap_Size



ARM Macro Assembler    Page 2 


                               EQU              0x00000200
   43 00000200         
   44 00000200                 AREA             HEAP, NOINIT, READWRITE, ALIGN=
3 
                                                            ; 2*3
   45 00000000         __heap_base
   46 00000000         Heap_Mem
                               SPACE            Heap_Size
   47 00000200         __heap_limit
   48 00000200         
   49 00000200         
   50 00000200                 PRESERVE8
   51 00000200                 THUMB
   52 00000200         
   53 00000200         
   54 00000200         ; Vector Table Mapped to Address 0 at Reset
   55 00000200         
   56 00000200                 AREA             RESET, DATA, READONLY
   57 00000000                 EXPORT           __Vectors
   58 00000000         
   59 00000000 00000000 
                       __Vectors
                               DCD              __initial_sp ; Top of Stack
   60 00000004 00000000        DCD              Reset_Handler ; Reset Handler
   61 00000008 00000000        DCD              NMI_Handler ; NMI Handler
   62 0000000C 00000000        DCD              HardFault_Handler ; Hard Fault 
                                                            Handler
   63 00000010 00000000        DCD              MemManage_Handler 
                                                            ; MPU Fault Handler
                                                            
   64 00000014 00000000        DCD              BusFault_Handler 
                                                            ; Bus Fault Handler
                                                            
   65 00000018 00000000        DCD              UsageFault_Handler ; Usage Faul
                                                            t Handler
   66 0000001C 00000000        DCD              0           ; Reserved
   67 00000020 00000000        DCD              0           ; Reserved
   68 00000024 00000000        DCD              0           ; Reserved
   69 00000028 00000000        DCD              0           ; Reserved
   70 0000002C 00000000        DCD              SVC_Handler ; SVCall Handler
   71 00000030 00000000        DCD              DebugMon_Handler ; Debug Monito
                                                            r Handler
   72 00000034 00000000        DCD              0           ; Reserved
   73 00000038 00000000        DCD              PendSV_Handler ; PendSV Handler
                                                            
   74 0000003C 00000000        DCD              SysTick_Handler 
                                                            ; SysTick Handler
   75 00000040         
   76 00000040         ; External Interrupts
   77 00000040 00000000        DCD              WDT_IRQHandler ; 16: Watchdog T
                                                            imer
   78 00000044 00000000        DCD              TIMER0_IRQHandler ; 17: Timer0
   79 00000048 00000000        DCD              TIMER1_IRQHandler ; 18: Timer1
   80 0000004C 00000000        DCD              TIMER2_IRQHandler ; 19: Timer2
   81 00000050 00000000        DCD              TIMER3_IRQHandler ; 20: Timer3
   82 00000054 00000000        DCD              UART0_IRQHandler ; 21: UART0
   83 00000058 00000000        DCD              UART1_IRQHandler ; 22: UART1
   84 0000005C 00000000        DCD              UART2_IRQHandler ; 23: UART2
   85 00000060 00000000        DCD              UART3_IRQHandler ; 24: UART3



ARM Macro Assembler    Page 3 


   86 00000064 00000000        DCD              PWM1_IRQHandler ; 25: PWM1
   87 00000068 00000000        DCD              I2C0_IRQHandler ; 26: I2C0
   88 0000006C 00000000        DCD              I2C1_IRQHandler ; 27: I2C1
   89 00000070 00000000        DCD              I2C2_IRQHandler ; 28: I2C2
   90 00000074 00000000        DCD              SPI_IRQHandler ; 29: SPI
   91 00000078 00000000        DCD              SSP0_IRQHandler ; 30: SSP0
   92 0000007C 00000000        DCD              SSP1_IRQHandler ; 31: SSP1
   93 00000080 00000000        DCD              PLL0_IRQHandler ; 32: PLL0 Lock
                                                             (Main PLL)
   94 00000084 00000000        DCD              RTC_IRQHandler ; 33: Real Time 
                                                            Clock
   95 00000088 00000000        DCD              EINT0_IRQHandler ; 34: External
                                                             Interrupt 0
   96 0000008C 00000000        DCD              EINT1_IRQHandler ; 35: External
                                                             Interrupt 1
   97 00000090 00000000        DCD              EINT2_IRQHandler ; 36: External
                                                             Interrupt 2
   98 00000094 00000000        DCD              EINT3_IRQHandler ; 37: External
                                                             Interrupt 3
   99 00000098 00000000        DCD              ADC_IRQHandler 
                                                            ; 38: A/D Converter
                                                            
  100 0000009C 00000000        DCD              BOD_IRQHandler ; 39: Brown-Out 
                                                            Detect
  101 000000A0 00000000        DCD              USB_IRQHandler ; 40: USB
  102 000000A4 00000000        DCD              CAN_IRQHandler ; 41: CAN
  103 000000A8 00000000        DCD              DMA_IRQHandler ; 42: General Pu
                                                            rpose DMA
  104 000000AC 00000000        DCD              I2S_IRQHandler ; 43: I2S
  105 000000B0 00000000        DCD              ENET_IRQHandler ; 44: Ethernet
  106 000000B4 00000000        DCD              RIT_IRQHandler ; 45: Repetitive
                                                             Interrupt Timer
  107 000000B8 00000000        DCD              MCPWM_IRQHandler ; 46: Motor Co
                                                            ntrol PWM
  108 000000BC 00000000        DCD              QEI_IRQHandler ; 47: Quadrature
                                                             Encoder Interface
  109 000000C0 00000000        DCD              PLL1_IRQHandler ; 48: PLL1 Lock
                                                             (USB PLL)
  110 000000C4 00000000        DCD              USBActivity_IRQHandler ; 49: US
                                                            B Activity interrup
                                                            t to wakeup
  111 000000C8 00000000        DCD              CANActivity_IRQHandler ; 50: CA
                                                            N Activity interrup
                                                            t to wakeup
  112 000000CC         
  113 000000CC         
  114 000000CC                 IF               :LNOT::DEF:NO_CRP
  115 000000CC                 AREA             |.ARM.__at_0x02FC|, CODE, READO
NLY
  116 00000000 FFFFFFFF 
                       CRP_Key DCD              0xFFFFFFFF
  117 00000004                 ENDIF
  118 00000004         
  119 00000004                 ALIGN            2
  120 00000004 00000001 
              00000002 
              00000003 
              00000004 
              00000005 



ARM Macro Assembler    Page 4 


              00000006 
              00000007 Days    DCD              0x01, 0x02, 0x03, 0x04, 0x05, 0
x06, 0x07
  121 00000020         
  122 00000020 00000006 
              00000514 
              00000003 
              000006A4 
              00000002 
              000004B0 
              00000004 
              0000076C 
              00000005 
              00000456 
              00000001 
              00000686 
              00000007 
              000003E8 Calories_food
                               DCD              0x06, 1300, 0x03, 1700, 0x02, 1
200, 0x04, 1900, 0x05, 1110, 0x01, 1670, 0x07, 1000
  123 00000058         
  124 00000058 00000002 
              000001F4 
              00000005 
              00000320 
              00000006 
              00000190 Calories_sport
                               DCD              0x02, 500, 0x05, 800, 0x06, 400
  125 00000070         
  126 00000070 07      Num_days
                               DCB              7
  127 00000071 03      Num_days_sport
                               DCB              3
  128 00000072 00 00 00 
              00 00 00 
              00 00 00 
              00 00 00 
              00 00 00 
              00 00 00 
              00 00 00 
              00 00 00 
              00 00 00 
              00 00 00 
              00 00 00 
              00 00 00 
              00 00 00 
              00 00 00 
              00 00 00 
              00 00 00 
              00 00 00 
              00 00 00 
              00 00 00 
              00 00 00 
              00 00 00 
              00 00 00 
              00 00 00 
              00 00 00 
              00 00 00 
              00 00 00 



ARM Macro Assembler    Page 5 


              00 00 00 
              00 00 00 
              00 00 00 
              00 00 00 
              00 00 00 
              00 00 00 
              00 00 00 
              00 00 00 
              00 00 00 
              00 00 00 
              00 00 00 
              00 00 00 
              00 00 00 
              00 00 00 
              00 00 00 
              00 00 00 
              00 00 00 
              00 00 00 
              00 00 00 
              00 00 00 
              00 00 00 
              00 00 00 
              00 00 00 
              00 00 00 
              00 00 00 
              00 00 00 
              00 00 00 
              00 00 00 
              00 00 00 
              00 00 00 
              00 00 00 
              00 00 00 
              00 00 00 
              00 00 00 
              00 00 00 
              00 00 00 
              00 00 00 
              00 00 00 
              00 00 00 
              00 00 00 
              00 00 00 
              00 00 00 
              00 00 00 
              00 00 00 
              00 00 00 
              00 00 00 
              00 00 00 
              00 00 00 
              00 00 00 
              00 00 00 
              00 00 00 
              00 00 00 
              00 00 00 
              00 00 00 
              00 00 00 
              00 00 00 
              00 00 00 
              00 00 00 
              00 00 00 



ARM Macro Assembler    Page 6 


              00 00 00 
              00 00 00 
              00 00 00 
              00 00 00 
              00 00 00 
              00 00 00 
              00 00 00 
              00 00 00 
              00 00 00 
              00 00 00 
              00 00 00 
              00 00 00 
              00 00 00 
              00 00 00 
              00 00 00 
              00 00 00 
              00 00 00 
              00 00 00 
              00 00 00 
              00 00 00 
              00 00 00 
              00 00 00 
              00 00 00 
              00 00 00 
              00 00 00 
              00 00 00 
              00 00 00 
              00 00 00 
              00 00 00 
              00 00 00 
              00 00 00 
              00 00 00 
              00 00 00 
              00 00 00 
              00 00 00 
              00 00 00 
              00 00 00 
              00 00 00 
              00 00 00 
              00 00 00 
              00 00 00 
              00 00 00 
              00 00 00 
              00 00 00 
              00 00 00 
              00 00 00 
              00 00 00 
              00 00 00 
              00 00 00 
              00 00 00 
              00 00 00 
              00 00 00 
              00 00 00 
              00 00 00 
              00 00 00 
              00 00 00 
              00 00 00 
              00 00 00 
              00 00 00 



ARM Macro Assembler    Page 7 


              00 00 00 
              00 00 00 
              00 00 00 
              00 00 00 
              00 00 00 
              00 00 00 
              00 00 00 
              00 00 00 
              00 00 00 
              00 00 00 
              00 00 00 
              00 00 00 
              00 00 00 
              00 00 00 
              00 00 00 
              00 00 00 
              00 00 00 
              00 00 00 
              00 00 00 
              00 00 00 
              00 00 00 
              00 00 00 
              00 00 00 
              00 00 00 
              00 00 00 
              00 00 00 
              00 00 00 
              00 00 00 
              00 00 00 
              00 00 00 
              00 00 00 
              00 00 00 
              00 00 00 
              00 00 00 
              00 00 00 
              00 00 00 
              00 00 00 
              00 00 00 
              00 00 00 
              00 00 00 
              00 00 00 
              00 00 00 
              00 00 00 
              00 00 00 
              00 00 00 
              00 00 00 
              00 00 00 
              00 00 00 
              00 00 00 
              00 00 00 
              00 00 00 
              00 00 00 
              00 00 00 
              00 00 00 
              00 00 00 
              00 00 00 
              00 00 00 
              00 00 00 
              00 00 00 



ARM Macro Assembler    Page 8 


              00 00 00 
              00 00 00 
              00 00 00 
              00 00 00 
              00 00 00 
              00 00 00 
              00 00 00 
              00 00 00 
              00 00 00 
              00 00 00 
              00 00 00 
              00 00 00 
              00 00 00 
              00 00 00 
              00 00 00 
              00 00 00 
              00 00 00 
              00 00 00 
              00 00 00 
              00 00 00 
              00 00 00 
              00 00 00 
              00 00 00 
              00 00 00 
              00 00 00 
              00 00 00 
              00 00 00 
              00 00 00 
              00 00 00 
              00 00 00 
              00 00 00 
              00 00 00 
              00 00 00 
              00 00 00 
              00 00 00 
              00 00 00 
              00 00 00 
              00 00 00 
              00 00 00 
              00 00 00 
              00 00 00 
              00 00 00 
              00 00 00 
              00 00 00 
              00 00 00 
              00 00 00 
              00 00 00 
              00 00 00 
              00 00 00 
              00 00 00 
              00 00 00 
              00 00 00 
              00 00 00 
              00 00 00 
              00 00 00 
              00 00 00 
              00 00 00 
              00 00 00 
              00 00 00 



ARM Macro Assembler    Page 9 


              00 00 00 
              00 00 00 
              00 00 00 
              00 00 00 
              00 00 00 
              00 00 00 
              00 00 00 
              00 00 00 
              00 00 00 
              00 00 00 
              00 00 00 
              00 00 00 
              00 00 00 
              00 00 00 
              00 00 00 
              00 00 00 
              00 00 00 
              00 00 00 
              00 00 00 
              00 00 00 
              00 00 00 
              00 00 00 
              00 00 00 
              00 00 00 
              00 00 00 
              00 00 00 
              00 00 00 
              00 00 00 
              00 00 00 
              00 00 00 
              00 00 00 
              00 00 00 
              00 00 00 
              00 00 00 
              00 00 00 
              00 00 00 
              00 00 00 
              00 00 00 
              00 00 00 
              00 00 00 
              00 00 00 
              00 00 00 
              00 00 00 
              00 00 00 
              00 00 00 
              00 00 00 
              00 00 00 
              00 00 00 
              00 00 00 
              00 00 00 
              00 00 00 
              00 00 00 
              00 00 00 
              00 00 00 
              00 00 00 
              00 00 00 
              00 00 00 
              00 00 00 
              00 00 00 



ARM Macro Assembler    Page 10 


              00 00 00 
              00 00 00 
              00 00 00 
              00 00 00 
              00 00 00 
              00 00 00 
              00 00 00 
              00 00 00 
              00 00 00 
              00 00 00 
              00 00 00 
              00 00 00 
              00 00 00 
              00 00 00 
              00 00 00 
              00 00 00 
              00 00 00 
              00 00 00 
              00 00 00 
              00 00 00 
              00 00 00 
              00 00 00 
              00 00 00 
              00 00 00 
              00 00 00 
              00 00 00 
              00 00 00 
              00 00 00 
              00 00 00 
              00 00 00 
              00 00 00 
              00 00 00 
              00 00 00 
              00 00 00 
              00 00 00 
              00 00 00 
              00 00 00 
              00 00 00 
              00 00 00 
              00 00 00 
              00 00 00 
              00 00 00 
              00 00 00 
              00 00 00 
              00 00 00 
              00 00 00 
              00 00 00 
              00 00 00 
              00 00 00 
              00 00 00 
              00 00 00 
              00 00 00 
              00 00 00 
              00 00 00 
              00 00 00 
              00 00 00 
              00 00 00 
              00 00 00 
              00 00 00 



ARM Macro Assembler    Page 11 


              00 00 00 
              00 00 00 
              00 00 00 
              00 00 00 
              00 00 00 
              00 00 00 
              00 00 00 
              00 00 00 
              00 00 00 
              00 00 00 
              00 00 00 
              00 00 00 
              00 00 00 
              00 00 00 
              00 00 00 
              00 00 00 
              00 00 00 
              00 00 00 
              00 00 00 
              00 00 00 
              00 00 00 
              00 00 00 
              00 00 00 
              00 00 00 
              00 00 00 
              00 00 00 
              00 00 00 
              00 00 00 
              00 00 00 
              00 00 00 
              00 00 00 
              00 00 00 
              00 00 00 
              00 00 00 
              00 00 00 
              00 00 00 
              00 00 00 
              00 00 00 
              00 00 00 
              00 00 00 
              00 00 00 
              00 00 00 
              00 00 00 
              00 00 00 
              00 00 00 
              00 00 00 
              00 00 00 
              00 00 00 
              00 00 00 
              00 00 00 
              00 00 00 
              00 00 00 
              00 00 00 
              00 00 00 
              00 00 00 
              00 00 00 
              00 00 00 
              00 00 00 
              00 00 00 



ARM Macro Assembler    Page 12 


              00 00 00 
              00 00 00 
              00 00 00 
              00 00 00 
              00 00 00 
              00 00 00 
              00 00 00 
              00 00 00 
              00 00 00 
              00 00 00 
              00 00 00 
              00 00 00 
              00 00 00 
              00 00 00 
              00 00 00 
              00 00 00 
              00 00 00 
              00 00 00 
              00 00 00 
              00 00 00 
              00 00 00 
              00 00 00 
              00 00 00 
              00 00 00 
              00 00 00 
              00 00 00 
              00 00 00 
              00 00 00 
              00 00 00 
              00 00 00 
              00 00 00 
              00 00 00 
              00 00 00 
              00 00 00 
              00 00 00 
              00 00 00 
              00 00 00 
              00 00 00 
              00 00 00 
              00 00 00 
              00 00 00 
              00 00 00 
              00 00 00 
              00 00 00 
              00 00 00 
              00 00 00 
              00 00 00 
              00 00 00 
              00 00 00 
              00 00 00 
              00 00 00 
              00 00 00 
              00 00 00 
              00 00 00 
              00 00 00 
              00 00 00 
              00 00 00 
              00 00 00 
              00 00 00 



ARM Macro Assembler    Page 13 


              00 00 00 
              00 00 00 
              00 00 00 
              00 00 00 
              00 00 00 
              00 00 00 
              00 00 00 
              00 00 00 
              00 00 00 
              00 00 00 
              00 00 00 
              00 00 00 
              00 00 00 
              00 00 00 
              00 00 00 
              00 00 00 
              00 00 00 
              00 00 00 
              00 00 00 
              00 00 00 
              00 00 00 
              00 00 00 
              00 00 00 
              00 00 00 
              00 00 00 
              00 00 00 
              00 00 00 
              00 00 00 
              00 00 00 
              00 00 00 
              00 00 00 
              00 00 00 
              00 00 00 
              00 00 00 
              00 00 00 
              00 00 00 
              00 00 00 
              00 00 00 
              00 00 00 
              00 00 00 
              00 00 00 
              00 00 00 
              00 00 00 
              00 00 00 
              00 00 00 
              00 00 00 
              00 00 00 
              00 00 00 
              00 00 00 
              00 00 00 
              00 00 00 
              00 00 00 
              00 00 00 
              00 00 00 
              00 00 00 
              00 00 00 
              00 00 00 
              00 00 00 
              00 00 00 



ARM Macro Assembler    Page 14 


              00 00 00 
              00 00 00 
              00 00 00 
              00 00 00 
              00 00 00 
              00 00 00 
              00 00 00 
              00 00 00 
              00 00 00 
              00 00 00 
              00 00 00 
              00 00 00 
              00 00 00 
              00 00 00 
              00 00 00 
              00 00 00 
              00 00 00 
              00 00 00 
              00 00 00 
              00 00 00 
              00 00 00 
              00 00 00 
              00 00 00 
              00 00 00 
              00 00 00 
              00 00 00 
              00 00 00 
              00 00 00 
              00 00 00 
              00 00 00 
              00 00 00 
              00 00 00 
              00 00 00 
              00 00 00 
              00 00 00 
              00 00 00 
              00 00 00 
              00 00 00 
              00 00 00 
              00 00 00 
              00 00 00 
              00 00 00 
              00 00 00 
              00 00 00 
              00 00 00 
              00 00 00 
              00 00 00 
              00 00 00 
              00 00 00 
              00 00 00 
              00 00 00 
              00 00 00 
              00 00 00 
              00 00 00 
              00 00 00 
              00 00 00 
              00 00 00 
              00 00 00 
              00 00 00 



ARM Macro Assembler    Page 15 


              00 00 00 
              00 00 00 
              00 00 00 
              00 00 00 
              00 00 00 
              00 00 00 
              00 00 00 
              00 00 00 
              00 00 00 
              00 00 00 
              00 00 00 
              00 00 00 
              00 00 00 
              00 00 00 
              00 00 00 
              00 00 00 
              00 00 00 
              00 00 00 
              00 00 00 
              00 00 00 
              00 00 00 
              00 00 00 
              00 00 00 
              00 00 00 
              00 00 00 
              00 00 00 
              00 00 00 
              00 00 00 
              00 00 00 
              00 00 00 
              00 00 00 
              00 00 00 
              00 00 00 
              00 00 00 
              00 00 00 
              00 00 00 
              00 00 00 
              00 00 00 
              00 00 00 
              00 00 00 
              00 00 00 
              00 00 00 
              00 00 00 
              00 00 00 
              00 00 00 
              00 00 00 
              00 00 00 
              00 00 00 
              00 00 00 
              00 00 00 
              00 00 00 
              00 00 00 
              00 00 00 
              00 00 00 
              00 00 00 
              00 00 00 
              00 00 00 
              00 00 00 
              00 00 00 



ARM Macro Assembler    Page 16 


              00 00 00 
              00 00 00 
              00 00 00 
              00 00 00 
              00 00 00 
              00 00 00 
              00 00 00 
              00 00 00 
              00 00 00 
              00 00 00 
              00 00 00 
              00 00 00 
              00 00 00 
              00 00 00 
              00 00 00 
              00 00 00 
              00 00 00 
              00 00 00 
              00 00 00 
              00 00 00 
              00 00 00 
              00 00 00 
              00 00 00 
              00 00 00 
              00 00 00 
              00 00 00 
              00 00 00 
              00 00 00 
              00 00 00 
              00 00 00 
              00 00 00 
              00 00 00 
              00 00 00 
              00 00 00 
              00 00 00 
              00 00 00 
              00 00 00 
              00 00 00 
              00 00 00 
              00 00 00 
              00 00 00 
              00 00 00 
              00 00 00 
              00 00 00 
              00 00 00 
              00 00 00 
              00 00 00 
              00 00 00 
              00 00 00 
              00 00 00 
              00 00 00 
              00 00 00 
              00 00 00 
              00 00 00 
              00 00 00 
              00 00 00 
              00 00 00 
              00 00 00 
              00 00 00 



ARM Macro Assembler    Page 17 


              00 00 00 
              00 00 00 
              00 00 00 
              00 00 00 
              00 00 00 
              00 00 00 
              00 00 00 
              00 00 00 
              00 00 00 
              00 00 00 
              00 00 00 
              00 00 00 
              00 00 00 
              00 00 00 
              00 00 00 
              00 00 00 
              00 00 00 
              00 00 00 
              00 00 00 
              00 00 00 
              00 00 00 
              00 00 00 
              00 00 00 
              00 00 00 
              00 00 00 
              00 00 00 
              00 00 00 
              00 00 00 
              00 00 00 
              00 00 00 
              00 00 00 
              00 00 00 
              00 00 00 
              00 00 00 
              00 00 00 
              00 00 00 
              00 00 00 
              00 00 00 
              00 00 00 
              00 00 00 
              00 00 00 
              00 00 00 
              00 00 00 
              00 00 00 
              00 00 00 
              00 00 00 
              00 00 00 
              00 00 00 
              00 00 00 
              00 00 00 
              00 00 00 
              00 00 00 
              00 00 00 
              00 00 00 
              00 00 00 
              00 00 00 
              00 00 00 
              00 00 00 
              00 00 00 



ARM Macro Assembler    Page 18 


              00 00 00 
              00 00 00 
              00 00 00 
              00 00 00 
              00 00 00 
              00 00 00 
              00 00 00 
              00 00 00 
              00 00 00 
              00 00 00 
              00 00 00 
              00 00 00 
              00 00 00 
              00 00 00 
              00 00 00 
              00 00 00 
              00 00 00 
              00 00 00 
              00 00 00 
              00 00 00 
              00 00 00 
              00 00 00 
              00 00 00 
              00 00 00 
              00 00 00 
              00 00 00 
              00 00 00 
              00 00 00 
              00 00 00 
              00 00 00 
              00 00 00 
              00 00 00 
              00 00 00 
              00 00 00 
              00 00 00 
              00 00 00 
              00 00 00 
              00 00 00 
              00 00 00 
              00 00 00 
              00 00 00 
              00 00 00 
              00 00 00 
              00 00 00 
              00 00 00 
              00 00 00 
              00 00 00 
              00 00 00 
              00 00 00 
              00 00 00 
              00 00 00 
              00 00 00 
              00 00 00 
              00 00 00 
              00 00 00 
              00 00 00 
              00 00 00 
              00 00 00 
              00 00 00 



ARM Macro Assembler    Page 19 


              00 00 00 
              00 00 00 
              00 00 00 
              00 00 00 
              00 00 00 
              00 00 00 
              00 00 00 
              00 00 00 
              00 00 00 
              00 00 00 
              00 00 00 
              00 00 00 
              00 00 00 
              00 00 00 
              00 00 00 
              00 00 00 
              00 00 00 
              00 00 00 
              00 00 00 
              00 00 00 
              00 00 00 
              00 00 00 
              00 00 00 
              00 00 00 
              00 00 00 
              00 00 00 
              00 00 00 
              00 00 00 
              00 00 00 
              00 00 00 
              00 00 00 
              00 00 00 
              00 00 00 
              00 00 00 
              00 00 00 
              00 00 00 
              00 00 00 
              00 00 00 
              00 00 00 
              00 00 00 
              00 00 00 
              00 00 00 
              00 00 00 
              00 00 00 
              00 00 00 
              00 00 00 
              00 00 00 
              00 00 00 
              00 00 00 
              00 00 00 
              00 00 00 
              00 00 00 
              00 00 00 
              00 00 00 
              00 00 00 
              00 00 00 
              00 00 00 
              00 00 00 
              00 00 00 



ARM Macro Assembler    Page 20 


              00 00 00 
              00 00 00 
              00 00 00 
              00 00 00 
              00 00 00 
              00 00 00 
              00 00 00 
              00 00 00 
              00 00 00 
              00 00 00 
              00 00 00 
              00 00 00 
              00 00 00 
              00 00 00 
              00 00 00 
              00 00 00 
              00 00 00 
              00 00 00 
              00 00 00 
              00 00 00 
              00 00 00 
              00 00 00 
              00 00 00 
              00 00 00 
              00 00 00 
              00 00 00 
              00 00 00 
              00 00 00 
              00 00 00 
              00 00 00 
              00 00 00 
              00 00 00 
              00 00 00 
              00 00 00 
              00 00 00 
              00 00 00 
              00 00 00 
              00 00 00 
              00 00 00 
              00 00 00 
              00 00 00 
              00 00 00 
              00 00 00 
              00 00 00 
              00 00 00 
              00 00 00 
              00 00 00 
              00 00 00 
              00 00 00 
              00 00 00 
              00 00 00 
              00 00 00 
              00 00 00 
              00 00 00 
              00 00 00 
              00 00 00 
              00 00 00 
              00 00 00 
              00 00 00 



ARM Macro Assembler    Page 21 


              00 00 00 
              00 00 00 
              00 00 00 
              00 00 00 
              00 00 00 
              00 00 00 
              00 00 00 
              00 00 00 
              00 00 00 
              00 00 00 
              00 00 00 
              00 00 00 
              00 00 00 
              00 00 00 
              00 00 00 
              00 00 00 
              00 00 00 
              00 00 00 
              00 00 00 
              00 00 00 
              00 00 00 
              00 00 00 
              00 00 00 
              00 00 00 
              00 00 00 
              00 00 00 
              00 00 00 
              00 00 00 
              00 00 00 
              00 00 00 
              00 00 00 
              00 00 00 
              00 00 00 
              00 00 00 
              00 00 00 
              00 00 00 
              00 00 00 
              00 00 00 
              00 00 00 
              00 00 00 
              00 00 00 
              00 00 00 
              00 00 00 
              00 00 00 
              00 00 00 
              00 00 00 
              00 00 00 
              00 00 00 
              00 00 00 
              00 00 00 
              00 00 00 
              00 00 00 
              00 00 00 
              00 00 00 
              00 00 00 
              00 00 00 
              00 00 00 
              00 00 00 
              00 00 00 



ARM Macro Assembler    Page 22 


              00 00 00 
              00 00 00 
              00 00 00 
              00 00 00 
              00 00 00 
              00 00 00 
              00 00 00 
              00 00 00 
              00 00 00 
              00 00 00 
              00 00 00 
              00 00 00 
              00 00 00 
              00 00 00 
              00 00 00 
              00 00 00 
              00 00 00 
              00 00 00 
              00 00 00 
              00 00 00 
              00 00 00 
              00 00 00 
              00 00 00 
              00 00 00 
              00 00 00 
              00 00 00 
              00 00 00 
              00 00 00 
              00 00 00 
              00 00 00 
              00 00 00 
              00 00 00 
              00 00 00 
              00 00 00 
              00 00 00 
              00 00 00 
              00 00 00 
              00 00 00 
              00 00 00 
              00 00 00 
              00 00 00 
              00 00 00 
              00 00 00 
              00 00 00 
              00 00 00 
              00 00 00 
              00 00 00 
              00 00 00 
              00 00 00 
              00 00 00 
              00 00 00 
              00 00 00 
              00 00 00 
              00 00 00 
              00 00 00 
              00 00 00 
              00 00 00 
              00 00 00 
              00 00 00 



ARM Macro Assembler    Page 23 


              00 00 00 
              00 00 00 
              00 00 00 
              00 00 00 
              00 00 00 
              00 00 00 
              00 00 00 
              00 00 00 
              00 00 00 
              00 00 00 
              00 00 00 
              00 00 00 
              00 00 00 
              00 00 00 
              00 00 00 
              00 00 00 
              00 00 00 
              00 00 00 
              00 00 00 
              00 00 00 
              00 00 00 
              00 00 00 
              00 00 00 
              00 00 00 
              00 00 00 
              00 00 00 
              00 00 00 
              00 00 00 
              00 00 00 
              00 00 00 
              00 00 00 
              00 00 00 
              00 00 00 
              00 00 00 
              00 00 00 
              00 00 00 
              00 00 00 
              00 00 00 
              00 00 00 
              00 00 00 
              00 00 00 
              00 00 00 
              00 00 00 
              00 00 00 
              00 00 00 
              00 00 00 
              00 00 00 
              00 00 00 
              00 00 00 
              00 00 00 
              00 00 00 
              00 00 00 
              00 00 00 
              00 00 00 
              00 00 00 
              00 00 00 
              00 00 00 
              00 00 00 
              00 00 00 



ARM Macro Assembler    Page 24 


              00 00 00 
              00 00 00 
              00 00 00 
              00 00 00 
              00 00 00 
              00 00 00 
              00 00 00 
              00 00 00 
              00 00 00 
              00 00 00 
              00 00 00 
              00 00 00 
              00 00 00 
              00 00 00 
              00 00 00 
              00 00 00 
              00 00 00 
              00 00 00 
              00 00 00 
              00 00 00 
              00 00 00 
              00 00 00 
              00 00 00 
              00 00 00 
              00 00 00 
              00 00 00 
              00 00 00 
              00 00 00 
              00 00 00 
              00 00 00 
              00 00 00 
              00 00 00 
              00 00 00 
              00 00 00 
              00 00 00 
              00 00 00 
              00 00 00 
              00 00 00 
              00 00 00 
              00 00 00 
              00 00 00 
              00 00 00 
              00 00 00 
              00 00 00 
              00 00 00 
              00 00 00 
              00 00 00 
              00 00 00 
              00 00 00 
              00 00 00 
              00 00 00 
              00 00 00 
              00 00 00 
              00 00 00 
              00 00 00 
              00 00 00 
              00 00 00 
              00 00 00 
              00 00 00 



ARM Macro Assembler    Page 25 


              00 00 00 
              00 00 00 
              00 00 00 
              00 00 00 
              00 00 00 
              00 00 00 
              00 00 00 
              00 00 00 
              00 00 00 
              00 00 00 
              00 00 00 
              00 00 00 
              00 00 00 
              00 00 00 
              00 00 00 
              00 00 00 
              00 00 00 
              00 00 00 
              00 00 00 
              00 00 00 
              00 00 00 
              00 00 00 
              00 00 00 
              00 00 00 
              00 00 00 
              00 00 00 
              00 00 00 
              00 00 00 
              00 00 00 
              00 00 00 
              00 00 00 
              00 00 00 
              00 00 00 
              00 00 00 
              00 00 00 
              00 00 00 
              00 00 00 
              00 00 00 
              00 00 00 
              00 00 00 
              00 00 00 
              00 00 00 
              00 00 00 
              00 00 00 
              00 00 00 
              00 00 00 
              00 00 00 
              00 00 00 
              00 00 00 
              00 00 00 
              00 00 00 
              00 00 00 
              00 00 00 
              00 00 00 
              00 00 00 
              00 00 00 
              00 00 00 
              00 00 00 
              00 00 00 



ARM Macro Assembler    Page 26 


              00 00 00 
              00 00 00 
              00 00 00 
              00 00 00 
              00 00 00 
              00 00 00 
              00 00 00 
              00 00 00 
              00 00 00 
              00 00 00 
              00 00 00 
              00 00 00 
              00 00 00 
              00 00 00 
              00 00 00 
              00 00 00 
              00 00 00 
              00 00 00 
              00 00 00 
              00 00 00 
              00 00 00 
              00 00 00 
              00 00 00 
              00 00 00 
              00 00 00 
              00 00 00 
              00 00 00 
              00 00 00 
              00 00 00 
              00 00 00 
              00 00 00 
              00 00 00 
              00 00 00 
              00 00 00 
              00 00 00 
              00 00 00 
              00 00 00 
              00 00 00 
              00 00 00 
              00 00 00 
              00 00 00 
              00 00 00 
              00 00 00 
              00 00 00 
              00 00 00 
              00 00 00 
              00 00 00 
              00 00 00 
              00 00 00 
              00 00 00 
              00 00 00 
              00 00 00 
              00 00 00 
              00 00 00 
              00 00 00 
              00 00 00 
              00 00 00 
              00 00 00 
              00 00 00 



ARM Macro Assembler    Page 27 


              00 00 00 
              00 00 00 
              00 00 00 
              00 00 00 
              00 00 00 
              00 00 00 
              00 00 00 
              00 00 00 
              00 00 00 
              00 00 00 
              00 00 00 
              00 00 00 
              00 00 00 
              00 00 00 
              00 00 00 
              00 00 00 
              00 00 00 
              00 00 00 
              00 00 00 
              00 00 00 
              00 00 00 
              00 00 00 
              00 00 00 
              00 00 00 
              00 00 00 
              00 00 00 
              00 00 00 
              00 00 00 
              00 00 00 
              00 00 00 
              00 00 00 
              00 00 00 
              00 00 00 
              00 00 00 
              00 00 00 
              00 00 00 
              00 00 00 
              00 00 00 
              00 00 00 
              00 00 00 
              00 00 00 
              00               SPACE            4096
  129 00001072         
  130 00001072        0 
                       nrDays  RN               0
  131 00001072        A 
                       nrDsport
                               RN               10
  132 00001072        1 
                       giorniInd
                               RN               1
  133 00001072        2 
                       giorno  RN               2
  134 00001072        3 
                       caloriaD
                               RN               3
  135 00001072         
  136 00001072        4 
                       indirizzoS



ARM Macro Assembler    Page 28 


                               RN               4
  137 00001072        5 
                       giornoS RN               5
  138 00001072        6 
                       caloriaS
                               RN               6
  139 00001072         
  140 00001072                 AREA             |.text|, CODE, READONLY
  141 00000000         ; Reset Handler
  142 00000000         
  143 00000000         Reset_Handler
                               PROC
  144 00000000                 EXPORT           Reset_Handler             [WEAK
]
  145 00000000         
  146 00000000 F04F 10FF       MOV              r0, #16711935
  147 00000004 F04F 30A5       MOV              r0, #0xA5A5A5A5
  148 00000008 4817            LDR              r0, =Num_days ; in r0 il nr tot
                                                            ale di giorni
  149 0000000A 7800            LDRB             nrDays, [r0] ; byte corrisponde
                                                            nte al nr di giorni
                                                            
  150 0000000C 4917            LDR              giorniInd, =Calories_food
  151 0000000E F8DF A060       LDR              r10, =Num_days_sport
  152 00000012 F89A A000       LDRB             nrDsport, [r10]
  153 00000016 F1A0 0001 
                       loop    SUB              R0, R0, #1
  154 0000001A         
  155 0000001A E9D1 2300       LDRD             giorno, [giorniInd] ;carica in 
                                                            giorno(R2) il giorn
                                                            o e in caloriaD(R3)
                                                             le calorie assunte
                                                            
  156 0000001E         
  157 0000001E 4C15            LDR              indirizzoS, =Calories_sport
  158 00000020 4657            MOV              R7, nrDsport
  159 00000022         
  160 00000022 F1A7 0701 
                       loopCibo
                               SUB              R7, R7, #1
  161 00000026 E9D4 5600       LDRD             giornoS, [indirizzoS] ;carica i
                                                            n giorno(R5) il gio
                                                            rno e in caloriaS(R
                                                            6) le calorie consu
                                                            mate
  162 0000002A 4295            CMP              giornoS, giorno
  163 0000002C BF08 1B9B       SUBEQ            caloriaD, caloriaD, caloriaS
  164 00000030 D003            BEQ              controllo
  165 00000032 F104 0408       ADD              indirizzoS, indirizzoS, #8
  166 00000036 2F00            CMP              R7, #0
  167 00000038 DCF3            BGT              loopCibo
  168 0000003A         
  169 0000003A F5B3 7FFA 
                       controllo
                               CMP              caloriaD, #500
  170 0000003E BFB8 F10B 
              0B01             ADDLT            R11, R11, #1
  171 00000044         
  172 00000044 F101 0108       ADD              giorniInd, giorniInd, #8



ARM Macro Assembler    Page 29 


  173 00000048 2800            CMP              R0, #0
  174 0000004A DCE4            BGT              loop
  175 0000004C         
  176 0000004C         
  177 0000004C         
  178 0000004C         
  179 0000004C 480A            LDR              R0, =stop
  180 0000004E         
  181 0000004E 4700    stop    BX               R0
  182 00000050                 ENDP
  183 00000050         
  184 00000050         
  185 00000050         ; Dummy Exception Handlers (infinite loops which can be 
                       modified)
  186 00000050         
  187 00000050         NMI_Handler
                               PROC
  188 00000050                 EXPORT           NMI_Handler               [WEAK
]
  189 00000050 E7FE            B                .
  190 00000052                 ENDP
  192 00000052         HardFault_Handler
                               PROC
  193 00000052                 EXPORT           HardFault_Handler         [WEAK
]
  194 00000052         ; your code
  195 00000052 F040 0001       orr              r0,r0,#1
  196 00000056 4700            BX               r0
  197 00000058                 ENDP
  199 00000058         MemManage_Handler
                               PROC
  200 00000058                 EXPORT           MemManage_Handler         [WEAK
]
  201 00000058 E7FE            B                .
  202 0000005A                 ENDP
  204 0000005A         BusFault_Handler
                               PROC
  205 0000005A                 EXPORT           BusFault_Handler          [WEAK
]
  206 0000005A E7FE            B                .
  207 0000005C                 ENDP
  209 0000005C         UsageFault_Handler
                               PROC
  210 0000005C                 EXPORT           UsageFault_Handler        [WEAK
]
  211 0000005C E7FE            B                .
  212 0000005E                 ENDP
  213 0000005E         SVC_Handler
                               PROC
  214 0000005E                 EXPORT           SVC_Handler               [WEAK
]
  215 0000005E E7FE            B                .
  216 00000060                 ENDP
  218 00000060         DebugMon_Handler
                               PROC
  219 00000060                 EXPORT           DebugMon_Handler          [WEAK
]
  220 00000060 E7FE            B                .
  221 00000062                 ENDP



ARM Macro Assembler    Page 30 


  222 00000062         PendSV_Handler
                               PROC
  223 00000062                 EXPORT           PendSV_Handler            [WEAK
]
  224 00000062 E7FE            B                .
  225 00000064                 ENDP
  226 00000064         SysTick_Handler
                               PROC
  227 00000064                 EXPORT           SysTick_Handler           [WEAK
]
  228 00000064 E7FE            B                .
  229 00000066                 ENDP
  230 00000066         
  231 00000066         Default_Handler
                               PROC
  232 00000066         
  233 00000066                 EXPORT           WDT_IRQHandler            [WEAK
]
  234 00000066                 EXPORT           TIMER0_IRQHandler         [WEAK
]
  235 00000066                 EXPORT           TIMER1_IRQHandler         [WEAK
]
  236 00000066                 EXPORT           TIMER2_IRQHandler         [WEAK
]
  237 00000066                 EXPORT           TIMER3_IRQHandler         [WEAK
]
  238 00000066                 EXPORT           UART0_IRQHandler          [WEAK
]
  239 00000066                 EXPORT           UART1_IRQHandler          [WEAK
]
  240 00000066                 EXPORT           UART2_IRQHandler          [WEAK
]
  241 00000066                 EXPORT           UART3_IRQHandler          [WEAK
]
  242 00000066                 EXPORT           PWM1_IRQHandler           [WEAK
]
  243 00000066                 EXPORT           I2C0_IRQHandler           [WEAK
]
  244 00000066                 EXPORT           I2C1_IRQHandler           [WEAK
]
  245 00000066                 EXPORT           I2C2_IRQHandler           [WEAK
]
  246 00000066                 EXPORT           SPI_IRQHandler            [WEAK
]
  247 00000066                 EXPORT           SSP0_IRQHandler           [WEAK
]
  248 00000066                 EXPORT           SSP1_IRQHandler           [WEAK
]
  249 00000066                 EXPORT           PLL0_IRQHandler           [WEAK
]
  250 00000066                 EXPORT           RTC_IRQHandler            [WEAK
]
  251 00000066                 EXPORT           EINT0_IRQHandler          [WEAK
]
  252 00000066                 EXPORT           EINT1_IRQHandler          [WEAK
]
  253 00000066                 EXPORT           EINT2_IRQHandler          [WEAK
]
  254 00000066                 EXPORT           EINT3_IRQHandler          [WEAK



ARM Macro Assembler    Page 31 


]
  255 00000066                 EXPORT           ADC_IRQHandler            [WEAK
]
  256 00000066                 EXPORT           BOD_IRQHandler            [WEAK
]
  257 00000066                 EXPORT           USB_IRQHandler            [WEAK
]
  258 00000066                 EXPORT           CAN_IRQHandler            [WEAK
]
  259 00000066                 EXPORT           DMA_IRQHandler            [WEAK
]
  260 00000066                 EXPORT           I2S_IRQHandler            [WEAK
]
  261 00000066                 EXPORT           ENET_IRQHandler           [WEAK
]
  262 00000066                 EXPORT           RIT_IRQHandler            [WEAK
]
  263 00000066                 EXPORT           MCPWM_IRQHandler          [WEAK
]
  264 00000066                 EXPORT           QEI_IRQHandler            [WEAK
]
  265 00000066                 EXPORT           PLL1_IRQHandler           [WEAK
]
  266 00000066                 EXPORT           USBActivity_IRQHandler    [WEAK
]
  267 00000066                 EXPORT           CANActivity_IRQHandler    [WEAK
]
  268 00000066         
  269 00000066         WDT_IRQHandler
  270 00000066         TIMER0_IRQHandler
  271 00000066         TIMER1_IRQHandler
  272 00000066         TIMER2_IRQHandler
  273 00000066         TIMER3_IRQHandler
  274 00000066         UART0_IRQHandler
  275 00000066         UART1_IRQHandler
  276 00000066         UART2_IRQHandler
  277 00000066         UART3_IRQHandler
  278 00000066         PWM1_IRQHandler
  279 00000066         I2C0_IRQHandler
  280 00000066         I2C1_IRQHandler
  281 00000066         I2C2_IRQHandler
  282 00000066         SPI_IRQHandler
  283 00000066         SSP0_IRQHandler
  284 00000066         SSP1_IRQHandler
  285 00000066         PLL0_IRQHandler
  286 00000066         RTC_IRQHandler
  287 00000066         EINT0_IRQHandler
  288 00000066         EINT1_IRQHandler
  289 00000066         EINT2_IRQHandler
  290 00000066         EINT3_IRQHandler
  291 00000066         ADC_IRQHandler
  292 00000066         BOD_IRQHandler
  293 00000066         USB_IRQHandler
  294 00000066         CAN_IRQHandler
  295 00000066         DMA_IRQHandler
  296 00000066         I2S_IRQHandler
  297 00000066         ENET_IRQHandler
  298 00000066         RIT_IRQHandler
  299 00000066         MCPWM_IRQHandler



ARM Macro Assembler    Page 32 


  300 00000066         QEI_IRQHandler
  301 00000066         PLL1_IRQHandler
  302 00000066         USBActivity_IRQHandler
  303 00000066         CANActivity_IRQHandler
  304 00000066         
  305 00000066 E7FE            B                .
  306 00000068         
  307 00000068                 ENDP
  308 00000068         
  309 00000068         
  310 00000068                 ALIGN
  311 00000068         
  312 00000068         
  313 00000068         ; User Initial Stack & Heap
  314 00000068         
  315 00000068                 EXPORT           __initial_sp
  316 00000068                 EXPORT           __heap_base
  317 00000068                 EXPORT           __heap_limit
  318 00000068         
  319 00000068                 END
              00000000 
              00000000 
              00000000 
              00000000 
              00000000 
Command Line: --debug --xref --diag_suppress=9931 --cpu=Cortex-M3 --apcs=interw
ork --depend=.\startup.d -o.\startup.o -I.\RTE\_Target_1 -IC:\Users\Arbore\AppD
ata\Local\Arm\Packs\ARM\CMSIS\5.9.0\CMSIS\Core\Include -IC:\Users\Arbore\AppDat
a\Local\Arm\Packs\Keil\LPC1700_DFP\2.7.1\Device\Include --predefine="__EVAL SET
A 1" --predefine="__UVISION_VERSION SETA 538" --predefine="_RTE_ SETA 1" --pred
efine="LPC175x_6x SETA 1" --predefine="_RTE_ SETA 1" --list=.\startup.lst start
up.s



ARM Macro Assembler    Page 1 Alphabetic symbol ordering
Relocatable symbols

STACK 00000000

Symbol: STACK
   Definitions
      At line 33 in file startup.s
   Uses
      None
Comment: STACK unused
Stack_Mem 00000000

Symbol: Stack_Mem
   Definitions
      At line 34 in file startup.s
   Uses
      None
Comment: Stack_Mem unused
__initial_sp 00000200

Symbol: __initial_sp
   Definitions
      At line 35 in file startup.s
   Uses
      At line 59 in file startup.s
      At line 315 in file startup.s

3 symbols



ARM Macro Assembler    Page 1 Alphabetic symbol ordering
Relocatable symbols

HEAP 00000000

Symbol: HEAP
   Definitions
      At line 44 in file startup.s
   Uses
      None
Comment: HEAP unused
Heap_Mem 00000000

Symbol: Heap_Mem
   Definitions
      At line 46 in file startup.s
   Uses
      None
Comment: Heap_Mem unused
__heap_base 00000000

Symbol: __heap_base
   Definitions
      At line 45 in file startup.s
   Uses
      At line 316 in file startup.s
Comment: __heap_base used once
__heap_limit 00000200

Symbol: __heap_limit
   Definitions
      At line 47 in file startup.s
   Uses
      At line 317 in file startup.s
Comment: __heap_limit used once
4 symbols



ARM Macro Assembler    Page 1 Alphabetic symbol ordering
Relocatable symbols

RESET 00000000

Symbol: RESET
   Definitions
      At line 56 in file startup.s
   Uses
      None
Comment: RESET unused
__Vectors 00000000

Symbol: __Vectors
   Definitions
      At line 59 in file startup.s
   Uses
      At line 57 in file startup.s
Comment: __Vectors used once
2 symbols



ARM Macro Assembler    Page 1 Alphabetic symbol ordering
Relocatable symbols

.ARM.__at_0x02FC 00000000

Symbol: .ARM.__at_0x02FC
   Definitions
      At line 115 in file startup.s
   Uses
      None
Comment: .ARM.__at_0x02FC unused
CRP_Key 00000000

Symbol: CRP_Key
   Definitions
      At line 116 in file startup.s
   Uses
      None
Comment: CRP_Key unused
Calories_food 00000020

Symbol: Calories_food
   Definitions
      At line 122 in file startup.s
   Uses
      At line 150 in file startup.s
Comment: Calories_food used once
Calories_sport 00000058

Symbol: Calories_sport
   Definitions
      At line 124 in file startup.s
   Uses
      At line 157 in file startup.s
Comment: Calories_sport used once
Days 00000004

Symbol: Days
   Definitions
      At line 120 in file startup.s
   Uses
      None
Comment: Days unused
Num_days 00000070

Symbol: Num_days
   Definitions
      At line 126 in file startup.s
   Uses
      At line 148 in file startup.s
Comment: Num_days used once
Num_days_sport 00000071

Symbol: Num_days_sport
   Definitions
      At line 127 in file startup.s
   Uses
      At line 151 in file startup.s
Comment: Num_days_sport used once
7 symbols



ARM Macro Assembler    Page 1 Alphabetic symbol ordering
Relocatable symbols

.text 00000000

Symbol: .text
   Definitions
      At line 140 in file startup.s
   Uses
      None
Comment: .text unused
ADC_IRQHandler 00000066

Symbol: ADC_IRQHandler
   Definitions
      At line 291 in file startup.s
   Uses
      At line 99 in file startup.s
      At line 255 in file startup.s

BOD_IRQHandler 00000066

Symbol: BOD_IRQHandler
   Definitions
      At line 292 in file startup.s
   Uses
      At line 100 in file startup.s
      At line 256 in file startup.s

BusFault_Handler 0000005A

Symbol: BusFault_Handler
   Definitions
      At line 204 in file startup.s
   Uses
      At line 64 in file startup.s
      At line 205 in file startup.s

CANActivity_IRQHandler 00000066

Symbol: CANActivity_IRQHandler
   Definitions
      At line 303 in file startup.s
   Uses
      At line 111 in file startup.s
      At line 267 in file startup.s

CAN_IRQHandler 00000066

Symbol: CAN_IRQHandler
   Definitions
      At line 294 in file startup.s
   Uses
      At line 102 in file startup.s
      At line 258 in file startup.s

DMA_IRQHandler 00000066

Symbol: DMA_IRQHandler
   Definitions
      At line 295 in file startup.s
   Uses



ARM Macro Assembler    Page 2 Alphabetic symbol ordering
Relocatable symbols

      At line 103 in file startup.s
      At line 259 in file startup.s

DebugMon_Handler 00000060

Symbol: DebugMon_Handler
   Definitions
      At line 218 in file startup.s
   Uses
      At line 71 in file startup.s
      At line 219 in file startup.s

Default_Handler 00000066

Symbol: Default_Handler
   Definitions
      At line 231 in file startup.s
   Uses
      None
Comment: Default_Handler unused
EINT0_IRQHandler 00000066

Symbol: EINT0_IRQHandler
   Definitions
      At line 287 in file startup.s
   Uses
      At line 95 in file startup.s
      At line 251 in file startup.s

EINT1_IRQHandler 00000066

Symbol: EINT1_IRQHandler
   Definitions
      At line 288 in file startup.s
   Uses
      At line 96 in file startup.s
      At line 252 in file startup.s

EINT2_IRQHandler 00000066

Symbol: EINT2_IRQHandler
   Definitions
      At line 289 in file startup.s
   Uses
      At line 97 in file startup.s
      At line 253 in file startup.s

EINT3_IRQHandler 00000066

Symbol: EINT3_IRQHandler
   Definitions
      At line 290 in file startup.s
   Uses
      At line 98 in file startup.s
      At line 254 in file startup.s

ENET_IRQHandler 00000066

Symbol: ENET_IRQHandler



ARM Macro Assembler    Page 3 Alphabetic symbol ordering
Relocatable symbols

   Definitions
      At line 297 in file startup.s
   Uses
      At line 105 in file startup.s
      At line 261 in file startup.s

HardFault_Handler 00000052

Symbol: HardFault_Handler
   Definitions
      At line 192 in file startup.s
   Uses
      At line 62 in file startup.s
      At line 193 in file startup.s

I2C0_IRQHandler 00000066

Symbol: I2C0_IRQHandler
   Definitions
      At line 279 in file startup.s
   Uses
      At line 87 in file startup.s
      At line 243 in file startup.s

I2C1_IRQHandler 00000066

Symbol: I2C1_IRQHandler
   Definitions
      At line 280 in file startup.s
   Uses
      At line 88 in file startup.s
      At line 244 in file startup.s

I2C2_IRQHandler 00000066

Symbol: I2C2_IRQHandler
   Definitions
      At line 281 in file startup.s
   Uses
      At line 89 in file startup.s
      At line 245 in file startup.s

I2S_IRQHandler 00000066

Symbol: I2S_IRQHandler
   Definitions
      At line 296 in file startup.s
   Uses
      At line 104 in file startup.s
      At line 260 in file startup.s

MCPWM_IRQHandler 00000066

Symbol: MCPWM_IRQHandler
   Definitions
      At line 299 in file startup.s
   Uses
      At line 107 in file startup.s
      At line 263 in file startup.s



ARM Macro Assembler    Page 4 Alphabetic symbol ordering
Relocatable symbols


MemManage_Handler 00000058

Symbol: MemManage_Handler
   Definitions
      At line 199 in file startup.s
   Uses
      At line 63 in file startup.s
      At line 200 in file startup.s

NMI_Handler 00000050

Symbol: NMI_Handler
   Definitions
      At line 187 in file startup.s
   Uses
      At line 61 in file startup.s
      At line 188 in file startup.s

PLL0_IRQHandler 00000066

Symbol: PLL0_IRQHandler
   Definitions
      At line 285 in file startup.s
   Uses
      At line 93 in file startup.s
      At line 249 in file startup.s

PLL1_IRQHandler 00000066

Symbol: PLL1_IRQHandler
   Definitions
      At line 301 in file startup.s
   Uses
      At line 109 in file startup.s
      At line 265 in file startup.s

PWM1_IRQHandler 00000066

Symbol: PWM1_IRQHandler
   Definitions
      At line 278 in file startup.s
   Uses
      At line 86 in file startup.s
      At line 242 in file startup.s

PendSV_Handler 00000062

Symbol: PendSV_Handler
   Definitions
      At line 222 in file startup.s
   Uses
      At line 73 in file startup.s
      At line 223 in file startup.s

QEI_IRQHandler 00000066

Symbol: QEI_IRQHandler
   Definitions



ARM Macro Assembler    Page 5 Alphabetic symbol ordering
Relocatable symbols

      At line 300 in file startup.s
   Uses
      At line 108 in file startup.s
      At line 264 in file startup.s

RIT_IRQHandler 00000066

Symbol: RIT_IRQHandler
   Definitions
      At line 298 in file startup.s
   Uses
      At line 106 in file startup.s
      At line 262 in file startup.s

RTC_IRQHandler 00000066

Symbol: RTC_IRQHandler
   Definitions
      At line 286 in file startup.s
   Uses
      At line 94 in file startup.s
      At line 250 in file startup.s

Reset_Handler 00000000

Symbol: Reset_Handler
   Definitions
      At line 143 in file startup.s
   Uses
      At line 60 in file startup.s
      At line 144 in file startup.s

SPI_IRQHandler 00000066

Symbol: SPI_IRQHandler
   Definitions
      At line 282 in file startup.s
   Uses
      At line 90 in file startup.s
      At line 246 in file startup.s

SSP0_IRQHandler 00000066

Symbol: SSP0_IRQHandler
   Definitions
      At line 283 in file startup.s
   Uses
      At line 91 in file startup.s
      At line 247 in file startup.s

SSP1_IRQHandler 00000066

Symbol: SSP1_IRQHandler
   Definitions
      At line 284 in file startup.s
   Uses
      At line 92 in file startup.s
      At line 248 in file startup.s




ARM Macro Assembler    Page 6 Alphabetic symbol ordering
Relocatable symbols

SVC_Handler 0000005E

Symbol: SVC_Handler
   Definitions
      At line 213 in file startup.s
   Uses
      At line 70 in file startup.s
      At line 214 in file startup.s

SysTick_Handler 00000064

Symbol: SysTick_Handler
   Definitions
      At line 226 in file startup.s
   Uses
      At line 74 in file startup.s
      At line 227 in file startup.s

TIMER0_IRQHandler 00000066

Symbol: TIMER0_IRQHandler
   Definitions
      At line 270 in file startup.s
   Uses
      At line 78 in file startup.s
      At line 234 in file startup.s

TIMER1_IRQHandler 00000066

Symbol: TIMER1_IRQHandler
   Definitions
      At line 271 in file startup.s
   Uses
      At line 79 in file startup.s
      At line 235 in file startup.s

TIMER2_IRQHandler 00000066

Symbol: TIMER2_IRQHandler
   Definitions
      At line 272 in file startup.s
   Uses
      At line 80 in file startup.s
      At line 236 in file startup.s

TIMER3_IRQHandler 00000066

Symbol: TIMER3_IRQHandler
   Definitions
      At line 273 in file startup.s
   Uses
      At line 81 in file startup.s
      At line 237 in file startup.s

UART0_IRQHandler 00000066

Symbol: UART0_IRQHandler
   Definitions
      At line 274 in file startup.s



ARM Macro Assembler    Page 7 Alphabetic symbol ordering
Relocatable symbols

   Uses
      At line 82 in file startup.s
      At line 238 in file startup.s

UART1_IRQHandler 00000066

Symbol: UART1_IRQHandler
   Definitions
      At line 275 in file startup.s
   Uses
      At line 83 in file startup.s
      At line 239 in file startup.s

UART2_IRQHandler 00000066

Symbol: UART2_IRQHandler
   Definitions
      At line 276 in file startup.s
   Uses
      At line 84 in file startup.s
      At line 240 in file startup.s

UART3_IRQHandler 00000066

Symbol: UART3_IRQHandler
   Definitions
      At line 277 in file startup.s
   Uses
      At line 85 in file startup.s
      At line 241 in file startup.s

USBActivity_IRQHandler 00000066

Symbol: USBActivity_IRQHandler
   Definitions
      At line 302 in file startup.s
   Uses
      At line 110 in file startup.s
      At line 266 in file startup.s

USB_IRQHandler 00000066

Symbol: USB_IRQHandler
   Definitions
      At line 293 in file startup.s
   Uses
      At line 101 in file startup.s
      At line 257 in file startup.s

UsageFault_Handler 0000005C

Symbol: UsageFault_Handler
   Definitions
      At line 209 in file startup.s
   Uses
      At line 65 in file startup.s
      At line 210 in file startup.s

WDT_IRQHandler 00000066



ARM Macro Assembler    Page 8 Alphabetic symbol ordering
Relocatable symbols


Symbol: WDT_IRQHandler
   Definitions
      At line 269 in file startup.s
   Uses
      At line 77 in file startup.s
      At line 233 in file startup.s

controllo 0000003A

Symbol: controllo
   Definitions
      At line 169 in file startup.s
   Uses
      At line 164 in file startup.s
Comment: controllo used once
loop 00000016

Symbol: loop
   Definitions
      At line 153 in file startup.s
   Uses
      At line 174 in file startup.s
Comment: loop used once
loopCibo 00000022

Symbol: loopCibo
   Definitions
      At line 160 in file startup.s
   Uses
      At line 167 in file startup.s
Comment: loopCibo used once
stop 0000004E

Symbol: stop
   Definitions
      At line 181 in file startup.s
   Uses
      At line 179 in file startup.s
Comment: stop used once
51 symbols



ARM Macro Assembler    Page 1 Alphabetic symbol ordering
Absolute symbols

Heap_Size 00000200

Symbol: Heap_Size
   Definitions
      At line 42 in file startup.s
   Uses
      At line 46 in file startup.s
Comment: Heap_Size used once
Stack_Size 00000200

Symbol: Stack_Size
   Definitions
      At line 31 in file startup.s
   Uses
      At line 34 in file startup.s
Comment: Stack_Size used once
2 symbols
415 symbols in table
