


ARM Macro Assembler    Page 1 


    1 00000000         ;            Computer Architectures - 02LSEOV 02LSEOQ   
                                ;
    2 00000000         ; author:   Paolo BERNARDI - Politecnico di Torino      
                            ;
    3 00000000         ; creation:  11 November 2018         ;
    4 00000000         ; last update:  1 Dicember 2020         ;
    5 00000000         ; functionalities:             ;
    6 00000000         ;  nothing but bringing to the reset handler     ;
    7 00000000         
    8 00000000         ; *------- <<< Use Configuration Wizard in Context Menu 
                       >>> ------------------
    9 00000000         
   10 00000000         ; <h> Stack Configuration
   11 00000000         ;   <o> Stack Size (in Bytes) <0x0-0xFFFFFFFF:8>
   12 00000000         ; </h>
   13 00000000         
   14 00000000 00000200 
                       Stack_Size
                               EQU              0x00000200
   15 00000000         
   16 00000000                 AREA             STACK, NOINIT, READWRITE, ALIGN
=3
   17 00000000                 SPACE            Stack_Size/2
   18 00000100         Stack_Mem
                               SPACE            Stack_Size/2
   19 00000200         __initial_sp
   20 00000200         
   21 00000200         
   22 00000200         
   23 00000200         
   24 00000200         ; <h> Heap Configuration
   25 00000200         ;   <o>  Heap Size (in Bytes) <0x0-0xFFFFFFFF:8>
   26 00000200         ; </h>
   27 00000200         
   28 00000200 00000200 
                       Heap_Size
                               EQU              0x00000200
   29 00000200         
   30 00000200                 AREA             HEAP, NOINIT, READWRITE, ALIGN=
3
   31 00000000         __heap_base
   32 00000000         Heap_Mem
                               SPACE            Heap_Size
   33 00000200         __heap_limit
   34 00000200         
   35 00000200         
   36 00000200                 PRESERVE8
   37 00000200                 THUMB
   38 00000200         
   39 00000200         
   40 00000200         ; Vector Table Mapped to Address 0 at Reset
   41 00000200         
   42 00000200                 AREA             RESET, DATA, READONLY
   43 00000000                 EXPORT           __Vectors
   44 00000000         ; 0x10000200
   45 00000000 00000000 
                       __Vectors
                               DCD              __initial_sp ; Top of Stack
   46 00000004 00000000        DCD              Reset_Handler ; Reset Handler



ARM Macro Assembler    Page 2 


   47 00000008 00000000        DCD              NMI_Handler ; NMI Handler
   48 0000000C 00000000        DCD              HardFault_Handler ; Hard Fault 
                                                            Handler
   49 00000010 00000000        DCD              MemManage_Handler 
                                                            ; MPU Fault Handler
                                                            
   50 00000014 00000000        DCD              BusFault_Handler 
                                                            ; Bus Fault Handler
                                                            
   51 00000018 00000000        DCD              UsageFault_Handler ; Usage Faul
                                                            t Handler
   52 0000001C 00000000        DCD              0           ; Reserved
   53 00000020 00000000        DCD              0           ; Reserved
   54 00000024 00000000        DCD              0           ; Reserved
   55 00000028 00000000        DCD              0           ; Reserved
   56 0000002C 00000000        DCD              SVC_Handler ; SVCall Handler
   57 00000030 00000000        DCD              DebugMon_Handler ; Debug Monito
                                                            r Handler
   58 00000034 00000000        DCD              0           ; Reserved
   59 00000038 00000000        DCD              PendSV_Handler ; PendSV Handler
                                                            
   60 0000003C 00000000        DCD              SysTick_Handler 
                                                            ; SysTick Handler
   61 00000040         
   62 00000040         ; External Interrupts
   63 00000040 00000000        DCD              WDT_IRQHandler ; 16: Watchdog T
                                                            imer
   64 00000044 00000000        DCD              TIMER0_IRQHandler ; 17: Timer0
   65 00000048 00000000        DCD              TIMER1_IRQHandler ; 18: Timer1
   66 0000004C 00000000        DCD              TIMER2_IRQHandler ; 19: Timer2
   67 00000050 00000000        DCD              TIMER3_IRQHandler ; 20: Timer3
   68 00000054 00000000        DCD              UART0_IRQHandler ; 21: UART0
   69 00000058 00000000        DCD              UART1_IRQHandler ; 22: UART1
   70 0000005C 00000000        DCD              UART2_IRQHandler ; 23: UART2
   71 00000060 00000000        DCD              UART3_IRQHandler ; 24: UART3
   72 00000064 00000000        DCD              PWM1_IRQHandler ; 25: PWM1
   73 00000068 00000000        DCD              I2C0_IRQHandler ; 26: I2C0
   74 0000006C 00000000        DCD              I2C1_IRQHandler ; 27: I2C1
   75 00000070 00000000        DCD              I2C2_IRQHandler ; 28: I2C2
   76 00000074 00000000        DCD              SPI_IRQHandler ; 29: SPI
   77 00000078 00000000        DCD              SSP0_IRQHandler ; 30: SSP0
   78 0000007C 00000000        DCD              SSP1_IRQHandler ; 31: SSP1
   79 00000080 00000000        DCD              PLL0_IRQHandler ; 32: PLL0 Lock
                                                             (Main PLL)
   80 00000084 00000000        DCD              RTC_IRQHandler ; 33: Real Time 
                                                            Clock
   81 00000088 00000000        DCD              EINT0_IRQHandler ; 34: External
                                                             Interrupt 0
   82 0000008C 00000000        DCD              EINT1_IRQHandler ; 35: External
                                                             Interrupt 1
   83 00000090 00000000        DCD              EINT2_IRQHandler ; 36: External
                                                             Interrupt 2
   84 00000094 00000000        DCD              EINT3_IRQHandler ; 37: External
                                                             Interrupt 3
   85 00000098 00000000        DCD              ADC_IRQHandler 
                                                            ; 38: A/D Converter
                                                            
   86 0000009C 00000000        DCD              BOD_IRQHandler ; 39: Brown-Out 
                                                            Detect



ARM Macro Assembler    Page 3 


   87 000000A0 00000000        DCD              USB_IRQHandler ; 40: USB
   88 000000A4 00000000        DCD              CAN_IRQHandler ; 41: CAN
   89 000000A8 00000000        DCD              DMA_IRQHandler ; 42: General Pu
                                                            rpose DMA
   90 000000AC 00000000        DCD              I2S_IRQHandler ; 43: I2S
   91 000000B0 00000000        DCD              ENET_IRQHandler ; 44: Ethernet
   92 000000B4 00000000        DCD              RIT_IRQHandler ; 45: Repetitive
                                                             Interrupt Timer
   93 000000B8 00000000        DCD              MCPWM_IRQHandler ; 46: Motor Co
                                                            ntrol PWM
   94 000000BC 00000000        DCD              QEI_IRQHandler ; 47: Quadrature
                                                             Encoder Interface
   95 000000C0 00000000        DCD              PLL1_IRQHandler ; 48: PLL1 Lock
                                                             (USB PLL)
   96 000000C4 00000000        DCD              USBActivity_IRQHandler ; 49: US
                                                            B Activity interrup
                                                            t to wakeup
   97 000000C8 00000000        DCD              CANActivity_IRQHandler ; 50: CA
                                                            N Activity interrup
                                                            t to wakeup
   98 000000CC         
   99 000000CC         
  100 000000CC                 IF               :LNOT::DEF:NO_CRP
  101 000000CC                 AREA             |.ARM.__at_0x02FC|, CODE, READO
NLY
  102 00000000 FFFFFFFF 
                       CRP_Key DCD              0xFFFFFFFF
  103 00000004                 ENDIF
  104 00000004         
  105 00000004                 AREA             myDataW, DATA, READWRITE
  106 00000000 00 00 00 
              00 00 00 
              00 00 00 
              00 00 00 
              00 00 00 
              00 00 00 
              00 00 00 
              00 00 00 
              00 00 00 
              00 00 00 
              00 00 00 
              00 00 00 
              00 00 00 
              00 00 00 
              00 00 00 
              00 00 00 
              00 00 00 
              00 00 00 
              00 00 00 
              00 00 00 
              00 00 00 
              00       dest    SPACE            64
  107 00000040         
  108 00000040                 AREA             myDataR, DATA, READONLY
  109 00000000 FFFFFFFF 
              FFFFFFFF 
              FFFFFFFF 
              FFFFFFFF source  DCD              0xFFFFFFFF,0xFFFFFFFF,0xFFFFFFF
F,0xFFFFFFFF



ARM Macro Assembler    Page 4 


  110 00000010 FFFFFFFF 
              FFFFFFFF 
              FFFFFFFF 
              FFFFFFFF         DCD              0xFFFFFFFF,0xFFFFFFFF,0xFFFFFFF
F,0xFFFFFFFF
  111 00000020 FFFFFFFF 
              FFFFFFFF 
              FFFFFFFF 
              FFFFFFFF         DCD              0xFFFFFFFF,0xFFFFFFFF,0xFFFFFFF
F,0xFFFFFFFF
  112 00000030 FFFFFFFF 
              FFFFFFFF 
              FFFFFFFF 
              FFFFFFFF         DCD              0xFFFFFFFF,0xFFFFFFFF,0xFFFFFFF
F,0xFFFFFFFF
  113 00000040         
  114 00000040                 AREA             |.text|, CODE, READONLY
  115 00000000         
  116 00000000         ; Reset Handler
  117 00000000         
  118 00000000         Reset_Handler
                               PROC
  119 00000000                 EXPORT           Reset_Handler             [WEAK
]
  120 00000000         
  121 00000000         ; your code here
  122 00000000         
  123 00000000 F04F 0003       MOV              R0, #3
  124 00000004 F380 8814       MSR              CONTROL, R0 ;Uso psp
  125 00000008 F8DF D094       LDR              SP, =Stack_Mem
  126 0000000C         
  127 0000000C 4A25            LDR              R2, =source
  128 0000000E 4B26            LDR              R3, =dest
  129 00000010 F04F 0701       MOV              R7, #1
  130 00000014 BF00            nop
  131 00000016         
  132 00000016 DF63            SVC              0x63        ;0x000000DA
  133 00000018         
  134 00000018 BC02            pop              {r1}
  135 0000001A E7FE    InfLoop B                InfLoop
  136 0000001C                 ENDP
  137 0000001C         
  138 0000001C         
  139 0000001C         ; Dummy Exception Handlers (infinite loops which can be 
                       modified)
  140 0000001C         
  141 0000001C         NMI_Handler
                               PROC
  142 0000001C                 EXPORT           NMI_Handler               [WEAK
]
  143 0000001C E7FE            B                .
  144 0000001E                 ENDP
  146 0000001E         HardFault_Handler
                               PROC
  147 0000001E                 EXPORT           HardFault_Handler         [WEAK
]
  148 0000001E E7FE            B                .
  149 00000020                 ENDP
  151 00000020         MemManage_Handler



ARM Macro Assembler    Page 5 


                               PROC
  152 00000020                 EXPORT           MemManage_Handler         [WEAK
]
  153 00000020 E7FE            B                .
  154 00000022                 ENDP
  156 00000022         BusFault_Handler
                               PROC
  157 00000022                 EXPORT           BusFault_Handler          [WEAK
]
  158 00000022 E7FE            B                .
  159 00000024                 ENDP
  161 00000024         UsageFault_Handler
                               PROC
  162 00000024                 EXPORT           UsageFault_Handler        [WEAK
]
  163 00000024 E7FE            B                .
  164 00000026                 ENDP
  165 00000026         SVC_Handler
                               PROC                         ;uso msp 
  166 00000026                 EXPORT           SVC_Handler               [WEAK
]
  167 00000026         
  168 00000026 E92D 5FFF       STMFD            SP!, {R0-R12, LR} ;su msp
  169 0000002A F3EF 8109       MRS              R1, psp
  170 0000002E 6988            LDR              R0, [R1, #24] ;0x000000DC
  171 00000030 F850 0C04       LDR              R0, [R0,#-4] ;0x000000D8
  172 00000034 F020 407F       BIC              R0, #0xFF000000
  173 00000038 EA4F 4010       LSR              R0, #16
  174 0000003C         
  175 0000003C F04F 0700       MOV              R7, #0
  176 00000040 2807            CMP              R0, #7
  177 00000042 DD04            BLE              zeroSette
  178 00000044 280F            CMP              R0, #15
  179 00000046 DD22            BLE              nopp
  180 00000048 2840            CMP              r0, #64
  181 0000004A DB21            BLT              uscita
  182 0000004C DA07            BGE              sixfour
  183 0000004E         
  184 0000004E 2803    zeroSette
                               CMP              R0, #3
  185 00000050 EA4F 0080       LSL              R0, #2
  186 00000054 BFD8 500F       STRLE            R7, [R1, R0]
  187 00000058 F84D 7000       STR              R7, [sp, R0]
  188 0000005C E018            B                uscita
  189 0000005E         
  190 0000005E         
  191 0000005E 287F    sixfour CMP              R0, #127
  192 00000060 DC16            BGT              uscita
  193 00000062         
  194 00000062 F000 093F       AND              R9, R0, #0x3F
  195 00000066 9A02            LDR              R2, [sp, #8]
  196 00000068 9B03            LDR              R3, [sp, #12]
  197 0000006A F04F 0400       MOV              R4, #0
  198 0000006E         
  199 0000006E 454C    loop    CMP              R4, R9
  200 00000070 DA08            BGE              pusha
  201 00000072 7815            LDRB             R5, [r2]
  202 00000074 701D            STRB             R5, [r3]
  203 00000076 F102 0201       ADD              R2, R2, #1



ARM Macro Assembler    Page 6 


  204 0000007A F103 0301       ADD              R3, R3, #1
  205 0000007E F104 0401       ADD              R4, R4, #1
  206 00000082 E7F4            B                loop
  207 00000084         
  208 00000084         
  209 00000084 F8CD 9004 
                       pusha   STR              r9, [sp, #4] ;update su msp
  210 00000088 F8C1 9004       STR              R9, [r1, #4] ;update su psp
  211 0000008C E000            b                uscita
  212 0000008E         
  213 0000008E         ; your code here
  214 0000008E         ;cmp r0, #0x10
  215 0000008E         ;bne uscita
  216 0000008E BF00    nopp    nop
  217 00000090         
  218 00000090 E8BD 5FFF 
                       uscita  LDMFD            SP!, {R0-R12, LR} 
                                                            ;prendo da msp
  219 00000094 4770            BX               LR
  220 00000096         
  221 00000096                 ENDP
  223 00000096         DebugMon_Handler
                               PROC
  224 00000096                 EXPORT           DebugMon_Handler          [WEAK
]
  225 00000096 E7FE            B                .
  226 00000098                 ENDP
  227 00000098         PendSV_Handler
                               PROC
  228 00000098                 EXPORT           PendSV_Handler            [WEAK
]
  229 00000098 E7FE            B                .
  230 0000009A                 ENDP
  231 0000009A         SysTick_Handler
                               PROC
  232 0000009A                 EXPORT           SysTick_Handler           [WEAK
]
  233 0000009A E7FE            B                .
  234 0000009C                 ENDP
  235 0000009C         
  236 0000009C         Default_Handler
                               PROC
  237 0000009C         
  238 0000009C                 EXPORT           WDT_IRQHandler            [WEAK
]
  239 0000009C                 EXPORT           TIMER0_IRQHandler         [WEAK
]
  240 0000009C                 EXPORT           TIMER1_IRQHandler         [WEAK
]
  241 0000009C                 EXPORT           TIMER2_IRQHandler         [WEAK
]
  242 0000009C                 EXPORT           TIMER3_IRQHandler         [WEAK
]
  243 0000009C                 EXPORT           UART0_IRQHandler          [WEAK
]
  244 0000009C                 EXPORT           UART1_IRQHandler          [WEAK
]
  245 0000009C                 EXPORT           UART2_IRQHandler          [WEAK
]



ARM Macro Assembler    Page 7 


  246 0000009C                 EXPORT           UART3_IRQHandler          [WEAK
]
  247 0000009C                 EXPORT           PWM1_IRQHandler           [WEAK
]
  248 0000009C                 EXPORT           I2C0_IRQHandler           [WEAK
]
  249 0000009C                 EXPORT           I2C1_IRQHandler           [WEAK
]
  250 0000009C                 EXPORT           I2C2_IRQHandler           [WEAK
]
  251 0000009C                 EXPORT           SPI_IRQHandler            [WEAK
]
  252 0000009C                 EXPORT           SSP0_IRQHandler           [WEAK
]
  253 0000009C                 EXPORT           SSP1_IRQHandler           [WEAK
]
  254 0000009C                 EXPORT           PLL0_IRQHandler           [WEAK
]
  255 0000009C                 EXPORT           RTC_IRQHandler            [WEAK
]
  256 0000009C                 EXPORT           EINT0_IRQHandler          [WEAK
]
  257 0000009C                 EXPORT           EINT1_IRQHandler          [WEAK
]
  258 0000009C                 EXPORT           EINT2_IRQHandler          [WEAK
]
  259 0000009C                 EXPORT           EINT3_IRQHandler          [WEAK
]
  260 0000009C                 EXPORT           ADC_IRQHandler            [WEAK
]
  261 0000009C                 EXPORT           BOD_IRQHandler            [WEAK
]
  262 0000009C                 EXPORT           USB_IRQHandler            [WEAK
]
  263 0000009C                 EXPORT           CAN_IRQHandler            [WEAK
]
  264 0000009C                 EXPORT           DMA_IRQHandler            [WEAK
]
  265 0000009C                 EXPORT           I2S_IRQHandler            [WEAK
]
  266 0000009C                 EXPORT           ENET_IRQHandler           [WEAK
]
  267 0000009C                 EXPORT           RIT_IRQHandler            [WEAK
]
  268 0000009C                 EXPORT           MCPWM_IRQHandler          [WEAK
]
  269 0000009C                 EXPORT           QEI_IRQHandler            [WEAK
]
  270 0000009C                 EXPORT           PLL1_IRQHandler           [WEAK
]
  271 0000009C                 EXPORT           USBActivity_IRQHandler    [WEAK
]
  272 0000009C                 EXPORT           CANActivity_IRQHandler    [WEAK
]
  273 0000009C         
  274 0000009C         WDT_IRQHandler
  275 0000009C         TIMER0_IRQHandler
  276 0000009C         TIMER1_IRQHandler
  277 0000009C         TIMER2_IRQHandler



ARM Macro Assembler    Page 8 


  278 0000009C         TIMER3_IRQHandler
  279 0000009C         UART0_IRQHandler
  280 0000009C         UART1_IRQHandler
  281 0000009C         UART2_IRQHandler
  282 0000009C         UART3_IRQHandler
  283 0000009C         PWM1_IRQHandler
  284 0000009C         I2C0_IRQHandler
  285 0000009C         I2C1_IRQHandler
  286 0000009C         I2C2_IRQHandler
  287 0000009C         SPI_IRQHandler
  288 0000009C         SSP0_IRQHandler
  289 0000009C         SSP1_IRQHandler
  290 0000009C         PLL0_IRQHandler
  291 0000009C         RTC_IRQHandler
  292 0000009C         EINT0_IRQHandler
  293 0000009C         EINT1_IRQHandler
  294 0000009C         EINT2_IRQHandler
  295 0000009C         EINT3_IRQHandler
  296 0000009C         ADC_IRQHandler
  297 0000009C         BOD_IRQHandler
  298 0000009C         USB_IRQHandler
  299 0000009C         CAN_IRQHandler
  300 0000009C         DMA_IRQHandler
  301 0000009C         I2S_IRQHandler
  302 0000009C         ENET_IRQHandler
  303 0000009C         RIT_IRQHandler
  304 0000009C         MCPWM_IRQHandler
  305 0000009C         QEI_IRQHandler
  306 0000009C         PLL1_IRQHandler
  307 0000009C         USBActivity_IRQHandler
  308 0000009C         CANActivity_IRQHandler
  309 0000009C         
  310 0000009C E7FE            B                .
  311 0000009E         
  312 0000009E                 ENDP
  313 0000009E         
  314 0000009E         
  315 0000009E 00 00           ALIGN
  316 000000A0         
  317 000000A0         
  318 000000A0         ; User Initial Stack & Heap
  319 000000A0         
  320 000000A0                 EXPORT           __initial_sp
  321 000000A0                 EXPORT           __heap_base
  322 000000A0                 EXPORT           __heap_limit
  323 000000A0         
  324 000000A0                 END
              00000000 
              00000000 
              00000000 
Command Line: --debug --xref --diag_suppress=9931 --cpu=Cortex-M3 --apcs=interw
ork --depend=.\template.d -o.\template.o -I.\RTE\_Target_1 -IC:\Users\Arbore\Ap
pData\Local\Arm\Packs\ARM\CMSIS\5.9.0\CMSIS\Core\Include -IC:\Users\Arbore\AppD
ata\Local\Arm\Packs\Keil\LPC1700_DFP\2.7.1\Device\Include --predefine="__EVAL S
ETA 1" --predefine="__UVISION_VERSION SETA 538" --predefine="_RTE_ SETA 1" --pr
edefine="LPC175x_6x SETA 1" --predefine="_RTE_ SETA 1" --list=.\template.lst te
mplate.s



ARM Macro Assembler    Page 1 Alphabetic symbol ordering
Relocatable symbols

STACK 00000000

Symbol: STACK
   Definitions
      At line 16 in file template.s
   Uses
      None
Comment: STACK unused
Stack_Mem 00000100

Symbol: Stack_Mem
   Definitions
      At line 18 in file template.s
   Uses
      At line 125 in file template.s
Comment: Stack_Mem used once
__initial_sp 00000200

Symbol: __initial_sp
   Definitions
      At line 19 in file template.s
   Uses
      At line 45 in file template.s
      At line 320 in file template.s

3 symbols



ARM Macro Assembler    Page 1 Alphabetic symbol ordering
Relocatable symbols

HEAP 00000000

Symbol: HEAP
   Definitions
      At line 30 in file template.s
   Uses
      None
Comment: HEAP unused
Heap_Mem 00000000

Symbol: Heap_Mem
   Definitions
      At line 32 in file template.s
   Uses
      None
Comment: Heap_Mem unused
__heap_base 00000000

Symbol: __heap_base
   Definitions
      At line 31 in file template.s
   Uses
      At line 321 in file template.s
Comment: __heap_base used once
__heap_limit 00000200

Symbol: __heap_limit
   Definitions
      At line 33 in file template.s
   Uses
      At line 322 in file template.s
Comment: __heap_limit used once
4 symbols



ARM Macro Assembler    Page 1 Alphabetic symbol ordering
Relocatable symbols

RESET 00000000

Symbol: RESET
   Definitions
      At line 42 in file template.s
   Uses
      None
Comment: RESET unused
__Vectors 00000000

Symbol: __Vectors
   Definitions
      At line 45 in file template.s
   Uses
      At line 43 in file template.s
Comment: __Vectors used once
2 symbols



ARM Macro Assembler    Page 1 Alphabetic symbol ordering
Relocatable symbols

.ARM.__at_0x02FC 00000000

Symbol: .ARM.__at_0x02FC
   Definitions
      At line 101 in file template.s
   Uses
      None
Comment: .ARM.__at_0x02FC unused
CRP_Key 00000000

Symbol: CRP_Key
   Definitions
      At line 102 in file template.s
   Uses
      None
Comment: CRP_Key unused
2 symbols



ARM Macro Assembler    Page 1 Alphabetic symbol ordering
Relocatable symbols

dest 00000000

Symbol: dest
   Definitions
      At line 106 in file template.s
   Uses
      At line 128 in file template.s
Comment: dest used once
myDataW 00000000

Symbol: myDataW
   Definitions
      At line 105 in file template.s
   Uses
      None
Comment: myDataW unused
2 symbols



ARM Macro Assembler    Page 1 Alphabetic symbol ordering
Relocatable symbols

myDataR 00000000

Symbol: myDataR
   Definitions
      At line 108 in file template.s
   Uses
      None
Comment: myDataR unused
source 00000000

Symbol: source
   Definitions
      At line 109 in file template.s
   Uses
      At line 127 in file template.s
Comment: source used once
2 symbols



ARM Macro Assembler    Page 1 Alphabetic symbol ordering
Relocatable symbols

.text 00000000

Symbol: .text
   Definitions
      At line 114 in file template.s
   Uses
      None
Comment: .text unused
ADC_IRQHandler 0000009C

Symbol: ADC_IRQHandler
   Definitions
      At line 296 in file template.s
   Uses
      At line 85 in file template.s
      At line 260 in file template.s

BOD_IRQHandler 0000009C

Symbol: BOD_IRQHandler
   Definitions
      At line 297 in file template.s
   Uses
      At line 86 in file template.s
      At line 261 in file template.s

BusFault_Handler 00000022

Symbol: BusFault_Handler
   Definitions
      At line 156 in file template.s
   Uses
      At line 50 in file template.s
      At line 157 in file template.s

CANActivity_IRQHandler 0000009C

Symbol: CANActivity_IRQHandler
   Definitions
      At line 308 in file template.s
   Uses
      At line 97 in file template.s
      At line 272 in file template.s

CAN_IRQHandler 0000009C

Symbol: CAN_IRQHandler
   Definitions
      At line 299 in file template.s
   Uses
      At line 88 in file template.s
      At line 263 in file template.s

DMA_IRQHandler 0000009C

Symbol: DMA_IRQHandler
   Definitions
      At line 300 in file template.s
   Uses



ARM Macro Assembler    Page 2 Alphabetic symbol ordering
Relocatable symbols

      At line 89 in file template.s
      At line 264 in file template.s

DebugMon_Handler 00000096

Symbol: DebugMon_Handler
   Definitions
      At line 223 in file template.s
   Uses
      At line 57 in file template.s
      At line 224 in file template.s

Default_Handler 0000009C

Symbol: Default_Handler
   Definitions
      At line 236 in file template.s
   Uses
      None
Comment: Default_Handler unused
EINT0_IRQHandler 0000009C

Symbol: EINT0_IRQHandler
   Definitions
      At line 292 in file template.s
   Uses
      At line 81 in file template.s
      At line 256 in file template.s

EINT1_IRQHandler 0000009C

Symbol: EINT1_IRQHandler
   Definitions
      At line 293 in file template.s
   Uses
      At line 82 in file template.s
      At line 257 in file template.s

EINT2_IRQHandler 0000009C

Symbol: EINT2_IRQHandler
   Definitions
      At line 294 in file template.s
   Uses
      At line 83 in file template.s
      At line 258 in file template.s

EINT3_IRQHandler 0000009C

Symbol: EINT3_IRQHandler
   Definitions
      At line 295 in file template.s
   Uses
      At line 84 in file template.s
      At line 259 in file template.s

ENET_IRQHandler 0000009C

Symbol: ENET_IRQHandler



ARM Macro Assembler    Page 3 Alphabetic symbol ordering
Relocatable symbols

   Definitions
      At line 302 in file template.s
   Uses
      At line 91 in file template.s
      At line 266 in file template.s

HardFault_Handler 0000001E

Symbol: HardFault_Handler
   Definitions
      At line 146 in file template.s
   Uses
      At line 48 in file template.s
      At line 147 in file template.s

I2C0_IRQHandler 0000009C

Symbol: I2C0_IRQHandler
   Definitions
      At line 284 in file template.s
   Uses
      At line 73 in file template.s
      At line 248 in file template.s

I2C1_IRQHandler 0000009C

Symbol: I2C1_IRQHandler
   Definitions
      At line 285 in file template.s
   Uses
      At line 74 in file template.s
      At line 249 in file template.s

I2C2_IRQHandler 0000009C

Symbol: I2C2_IRQHandler
   Definitions
      At line 286 in file template.s
   Uses
      At line 75 in file template.s
      At line 250 in file template.s

I2S_IRQHandler 0000009C

Symbol: I2S_IRQHandler
   Definitions
      At line 301 in file template.s
   Uses
      At line 90 in file template.s
      At line 265 in file template.s

InfLoop 0000001A

Symbol: InfLoop
   Definitions
      At line 135 in file template.s
   Uses
      At line 135 in file template.s
Comment: InfLoop used once



ARM Macro Assembler    Page 4 Alphabetic symbol ordering
Relocatable symbols

MCPWM_IRQHandler 0000009C

Symbol: MCPWM_IRQHandler
   Definitions
      At line 304 in file template.s
   Uses
      At line 93 in file template.s
      At line 268 in file template.s

MemManage_Handler 00000020

Symbol: MemManage_Handler
   Definitions
      At line 151 in file template.s
   Uses
      At line 49 in file template.s
      At line 152 in file template.s

NMI_Handler 0000001C

Symbol: NMI_Handler
   Definitions
      At line 141 in file template.s
   Uses
      At line 47 in file template.s
      At line 142 in file template.s

PLL0_IRQHandler 0000009C

Symbol: PLL0_IRQHandler
   Definitions
      At line 290 in file template.s
   Uses
      At line 79 in file template.s
      At line 254 in file template.s

PLL1_IRQHandler 0000009C

Symbol: PLL1_IRQHandler
   Definitions
      At line 306 in file template.s
   Uses
      At line 95 in file template.s
      At line 270 in file template.s

PWM1_IRQHandler 0000009C

Symbol: PWM1_IRQHandler
   Definitions
      At line 283 in file template.s
   Uses
      At line 72 in file template.s
      At line 247 in file template.s

PendSV_Handler 00000098

Symbol: PendSV_Handler
   Definitions
      At line 227 in file template.s



ARM Macro Assembler    Page 5 Alphabetic symbol ordering
Relocatable symbols

   Uses
      At line 59 in file template.s
      At line 228 in file template.s

QEI_IRQHandler 0000009C

Symbol: QEI_IRQHandler
   Definitions
      At line 305 in file template.s
   Uses
      At line 94 in file template.s
      At line 269 in file template.s

RIT_IRQHandler 0000009C

Symbol: RIT_IRQHandler
   Definitions
      At line 303 in file template.s
   Uses
      At line 92 in file template.s
      At line 267 in file template.s

RTC_IRQHandler 0000009C

Symbol: RTC_IRQHandler
   Definitions
      At line 291 in file template.s
   Uses
      At line 80 in file template.s
      At line 255 in file template.s

Reset_Handler 00000000

Symbol: Reset_Handler
   Definitions
      At line 118 in file template.s
   Uses
      At line 46 in file template.s
      At line 119 in file template.s

SPI_IRQHandler 0000009C

Symbol: SPI_IRQHandler
   Definitions
      At line 287 in file template.s
   Uses
      At line 76 in file template.s
      At line 251 in file template.s

SSP0_IRQHandler 0000009C

Symbol: SSP0_IRQHandler
   Definitions
      At line 288 in file template.s
   Uses
      At line 77 in file template.s
      At line 252 in file template.s

SSP1_IRQHandler 0000009C



ARM Macro Assembler    Page 6 Alphabetic symbol ordering
Relocatable symbols


Symbol: SSP1_IRQHandler
   Definitions
      At line 289 in file template.s
   Uses
      At line 78 in file template.s
      At line 253 in file template.s

SVC_Handler 00000026

Symbol: SVC_Handler
   Definitions
      At line 165 in file template.s
   Uses
      At line 56 in file template.s
      At line 166 in file template.s

SysTick_Handler 0000009A

Symbol: SysTick_Handler
   Definitions
      At line 231 in file template.s
   Uses
      At line 60 in file template.s
      At line 232 in file template.s

TIMER0_IRQHandler 0000009C

Symbol: TIMER0_IRQHandler
   Definitions
      At line 275 in file template.s
   Uses
      At line 64 in file template.s
      At line 239 in file template.s

TIMER1_IRQHandler 0000009C

Symbol: TIMER1_IRQHandler
   Definitions
      At line 276 in file template.s
   Uses
      At line 65 in file template.s
      At line 240 in file template.s

TIMER2_IRQHandler 0000009C

Symbol: TIMER2_IRQHandler
   Definitions
      At line 277 in file template.s
   Uses
      At line 66 in file template.s
      At line 241 in file template.s

TIMER3_IRQHandler 0000009C

Symbol: TIMER3_IRQHandler
   Definitions
      At line 278 in file template.s
   Uses



ARM Macro Assembler    Page 7 Alphabetic symbol ordering
Relocatable symbols

      At line 67 in file template.s
      At line 242 in file template.s

UART0_IRQHandler 0000009C

Symbol: UART0_IRQHandler
   Definitions
      At line 279 in file template.s
   Uses
      At line 68 in file template.s
      At line 243 in file template.s

UART1_IRQHandler 0000009C

Symbol: UART1_IRQHandler
   Definitions
      At line 280 in file template.s
   Uses
      At line 69 in file template.s
      At line 244 in file template.s

UART2_IRQHandler 0000009C

Symbol: UART2_IRQHandler
   Definitions
      At line 281 in file template.s
   Uses
      At line 70 in file template.s
      At line 245 in file template.s

UART3_IRQHandler 0000009C

Symbol: UART3_IRQHandler
   Definitions
      At line 282 in file template.s
   Uses
      At line 71 in file template.s
      At line 246 in file template.s

USBActivity_IRQHandler 0000009C

Symbol: USBActivity_IRQHandler
   Definitions
      At line 307 in file template.s
   Uses
      At line 96 in file template.s
      At line 271 in file template.s

USB_IRQHandler 0000009C

Symbol: USB_IRQHandler
   Definitions
      At line 298 in file template.s
   Uses
      At line 87 in file template.s
      At line 262 in file template.s

UsageFault_Handler 00000024




ARM Macro Assembler    Page 8 Alphabetic symbol ordering
Relocatable symbols

Symbol: UsageFault_Handler
   Definitions
      At line 161 in file template.s
   Uses
      At line 51 in file template.s
      At line 162 in file template.s

WDT_IRQHandler 0000009C

Symbol: WDT_IRQHandler
   Definitions
      At line 274 in file template.s
   Uses
      At line 63 in file template.s
      At line 238 in file template.s

loop 0000006E

Symbol: loop
   Definitions
      At line 199 in file template.s
   Uses
      At line 206 in file template.s
Comment: loop used once
nopp 0000008E

Symbol: nopp
   Definitions
      At line 216 in file template.s
   Uses
      At line 179 in file template.s
Comment: nopp used once
pusha 00000084

Symbol: pusha
   Definitions
      At line 209 in file template.s
   Uses
      At line 200 in file template.s
Comment: pusha used once
sixfour 0000005E

Symbol: sixfour
   Definitions
      At line 191 in file template.s
   Uses
      At line 182 in file template.s
Comment: sixfour used once
uscita 00000090

Symbol: uscita
   Definitions
      At line 218 in file template.s
   Uses
      At line 181 in file template.s
      At line 188 in file template.s
      At line 192 in file template.s
      At line 211 in file template.s




ARM Macro Assembler    Page 9 Alphabetic symbol ordering
Relocatable symbols

zeroSette 0000004E

Symbol: zeroSette
   Definitions
      At line 184 in file template.s
   Uses
      At line 177 in file template.s
Comment: zeroSette used once
54 symbols



ARM Macro Assembler    Page 1 Alphabetic symbol ordering
Absolute symbols

Heap_Size 00000200

Symbol: Heap_Size
   Definitions
      At line 28 in file template.s
   Uses
      At line 32 in file template.s
Comment: Heap_Size used once
Stack_Size 00000200

Symbol: Stack_Size
   Definitions
      At line 14 in file template.s
   Uses
      At line 17 in file template.s
      At line 18 in file template.s

2 symbols
409 symbols in table
